ARM GAS  C:\Users\shara\AppData\Local\Temp\ccm1JDDf.s 			page 1


   1              		.syntax unified
   2              		.cpu cortex-m3
   3              		.fpu softvfp
   4              		.eabi_attribute 20, 1
   5              		.eabi_attribute 21, 1
   6              		.eabi_attribute 23, 3
   7              		.eabi_attribute 24, 1
   8              		.eabi_attribute 25, 1
   9              		.eabi_attribute 26, 1
  10              		.eabi_attribute 30, 6
  11              		.eabi_attribute 34, 1
  12              		.eabi_attribute 18, 4
  13              		.thumb
  14              		.syntax unified
  15              		.file	"influx.c"
  16              		.text
  17              	.Ltext0:
  18              		.cfi_sections	.debug_frame
  19              		.comm	modem_state,1,1
  20              		.comm	modem_start_time_stamp,4,4
  21              		.comm	modem_info,60,4
  22              		.comm	modem_stats,32,4
  23              		.comm	updatable_parameters,10,4
  24              		.syntax unified
  25              		.global _printf_float
  26              		.thumb
  27              		.syntax unified
  28              		.comm	buffer_overflow,1,1
  29              		.comm	dataPointsInStack,2,2
  30              		.comm	dataPointsInStackDesired,2,2
  31              		.comm	data,6600,4
  32              		.comm	App_LED_enabled,1,1
  33              		.comm	app_led_inbox,100,4
  34              		.comm	level_sensor_inbox,100,4
  35              		.comm	level_sensor_enabled,1,1
  36              		.comm	valve_diameter,4,4
  37              		.comm	valve_type,10,4
  38              		.comm	valve_enabled,1,1
  39              		.comm	valve_inbox,100,4
  40              		.comm	autosampler_enabled,1,1
  41              		.comm	autosampler_inbox,100,4
  42              		.comm	http_request,10000,4
  43              		.comm	http_body,10000,4
  44              		.comm	http_route,200,4
  45              		.comm	system_info,28,4
  46              		.comm	system_settings,104,4
  47              		.comm	alarmMeasure,6,4
  48              		.comm	timeToMeasure,1,1
  49              		.comm	alarmSync,6,4
  50              		.comm	timeToSync,1,1
  51              		.comm	timeToSycnRemoteParams,1,1
  52              		.comm	hey,1,1
  53              		.comm	alarmAppLED,6,4
  54              		.comm	timeToAppLED,1,1
  55              		.comm	alarmLevelSensor,6,4
  56              		.comm	timeToLevelSensor,1,1
  57              		.comm	alarmDownstreamLevelSensor,6,4
ARM GAS  C:\Users\shara\AppData\Local\Temp\ccm1JDDf.s 			page 2


  58              		.comm	timeToDownstreamLevelSensor,1,1
  59              		.comm	alarmValve,6,4
  60              		.comm	timeToValve,1,1
  61              		.comm	alarmAutosampler,6,4
  62              		.comm	timeToAutosampler,1,1
  63              		.section	.rodata
  64              		.align	2
  65              	.LC0:
  66 0000 25732573 		.ascii	"%s%s,node_id=%s value=%s %ld000000000\012\000"
  66      2C6E6F64 
  66      655F6964 
  66      3D257320 
  66      76616C75 
  67              		.section	.text.construct_influx_write_body,"ax",%progbits
  68              		.align	2
  69              		.global	construct_influx_write_body
  70              		.thumb
  71              		.thumb_func
  72              		.type	construct_influx_write_body, %function
  73              	construct_influx_write_body:
  74              	.LFB64:
  75              		.file 1 "influx.c"
   1:influx.c      **** #include "influx.h"  
   2:influx.c      **** #include "notoriOS.h"
   3:influx.c      ****                         
   4:influx.c      **** // Prepare data from data wheel to send to influx
   5:influx.c      **** unsigned int construct_influx_write_body(char* body, char *node_id){
  76              		.loc 1 5 0
  77              		.cfi_startproc
  78              		@ args = 0, pretend = 0, frame = 16
  79              		@ frame_needed = 1, uses_anonymous_args = 0
  80 0000 90B5     		push	{r4, r7, lr}
  81              		.cfi_def_cfa_offset 12
  82              		.cfi_offset 4, -12
  83              		.cfi_offset 7, -8
  84              		.cfi_offset 14, -4
  85 0002 89B0     		sub	sp, sp, #36
  86              		.cfi_def_cfa_offset 48
  87 0004 04AF     		add	r7, sp, #16
  88              		.cfi_def_cfa 7, 32
  89 0006 7860     		str	r0, [r7, #4]
  90 0008 3960     		str	r1, [r7]
   6:influx.c      ****    
   7:influx.c      ****     body[0] = '\0'; // Set the array variable body to be 0
  91              		.loc 1 7 0
  92 000a 7B68     		ldr	r3, [r7, #4]
  93 000c 0022     		movs	r2, #0
  94 000e 1A70     		strb	r2, [r3]
  95              	.LBB2:
   8:influx.c      ****  
   9:influx.c      ****     // Get data from the data stack and put into http body to send to influx
  10:influx.c      ****     for(uint16 i = 0;i<sizeOfDataStack();i++){
  96              		.loc 1 10 0
  97 0010 0023     		movs	r3, #0
  98 0012 FB81     		strh	r3, [r7, #14]	@ movhi
  99 0014 24E0     		b	.L2
 100              	.L3:
ARM GAS  C:\Users\shara\AppData\Local\Temp\ccm1JDDf.s 			page 3


  11:influx.c      ****         // Note that influx uses a timestamp in nano-seconds, so we have to add 9 zeros
  12:influx.c      ****         snprintf(body,sizeof(http_body), "%s%s,node_id=%s value=%s %ld000000000\n", body, data[i].k
 101              		.loc 1 12 0 discriminator 3
 102 0016 FB89     		ldrh	r3, [r7, #14]
 103 0018 2C22     		movs	r2, #44
 104 001a 02FB03F3 		mul	r3, r2, r3
 105 001e 184A     		ldr	r2, .L5
 106 0020 1344     		add	r3, r3, r2
 107 0022 FA89     		ldrh	r2, [r7, #14]
 108 0024 2C21     		movs	r1, #44
 109 0026 01FB02F2 		mul	r2, r1, r2
 110 002a 1032     		adds	r2, r2, #16
 111 002c 1449     		ldr	r1, .L5
 112 002e 0A44     		add	r2, r2, r1
 113 0030 0432     		adds	r2, r2, #4
 114 0032 F989     		ldrh	r1, [r7, #14]
 115 0034 1248     		ldr	r0, .L5
 116 0036 2C24     		movs	r4, #44
 117 0038 04FB01F1 		mul	r1, r4, r1
 118 003c 0144     		add	r1, r1, r0
 119 003e 2831     		adds	r1, r1, #40
 120 0040 0968     		ldr	r1, [r1]
 121 0042 0391     		str	r1, [sp, #12]
 122 0044 0292     		str	r2, [sp, #8]
 123 0046 3A68     		ldr	r2, [r7]
 124 0048 0192     		str	r2, [sp, #4]
 125 004a 0093     		str	r3, [sp]
 126 004c 7B68     		ldr	r3, [r7, #4]
 127 004e 0D4A     		ldr	r2, .L5+4
 128 0050 42F21071 		movw	r1, #10000
 129 0054 7868     		ldr	r0, [r7, #4]
 130 0056 FFF7FEFF 		bl	snprintf
  10:influx.c      ****         // Note that influx uses a timestamp in nano-seconds, so we have to add 9 zeros
 131              		.loc 1 10 0 discriminator 3
 132 005a FB89     		ldrh	r3, [r7, #14]
 133 005c 0133     		adds	r3, r3, #1
 134 005e FB81     		strh	r3, [r7, #14]	@ movhi
 135              	.L2:
  10:influx.c      ****         // Note that influx uses a timestamp in nano-seconds, so we have to add 9 zeros
 136              		.loc 1 10 0 is_stmt 0 discriminator 1
 137 0060 FFF7FEFF 		bl	sizeOfDataStack
 138 0064 0346     		mov	r3, r0
 139 0066 1A46     		mov	r2, r3
 140 0068 FB89     		ldrh	r3, [r7, #14]
 141 006a 9342     		cmp	r3, r2
 142 006c D3D3     		bcc	.L3
 143              	.LBE2:
  13:influx.c      ****     }
  14:influx.c      ****     
  15:influx.c      ****     // The strlen() function calculates the length of a given string. The strlen() function takes a
  16:influx.c      ****     unsigned int request_len = strlen(body);
 144              		.loc 1 16 0 is_stmt 1
 145 006e 7868     		ldr	r0, [r7, #4]
 146 0070 FFF7FEFF 		bl	strlen
 147 0074 B860     		str	r0, [r7, #8]
  17:influx.c      ****    
  18:influx.c      **** 
ARM GAS  C:\Users\shara\AppData\Local\Temp\ccm1JDDf.s 			page 4


  19:influx.c      ****     return request_len;
 148              		.loc 1 19 0
 149 0076 BB68     		ldr	r3, [r7, #8]
  20:influx.c      **** }
 150              		.loc 1 20 0
 151 0078 1846     		mov	r0, r3
 152 007a 1437     		adds	r7, r7, #20
 153              		.cfi_def_cfa_offset 12
 154 007c BD46     		mov	sp, r7
 155              		.cfi_def_cfa_register 13
 156              		@ sp needed
 157 007e 90BD     		pop	{r4, r7, pc}
 158              	.L6:
 159              		.align	2
 160              	.L5:
 161 0080 00000000 		.word	data
 162 0084 00000000 		.word	.LC0
 163              		.cfi_endproc
 164              	.LFE64:
 165              		.size	construct_influx_write_body, .-construct_influx_write_body
 166              		.section	.rodata
 167 0027 00       		.align	2
 168              	.LC1:
 169 0028 25732573 		.ascii	"%s%s?u=%s&p=%s&db=%s\000"
 169      3F753D25 
 169      7326703D 
 169      25732664 
 169      623D2573 
 170              		.section	.text.construct_influx_route,"ax",%progbits
 171              		.align	2
 172              		.global	construct_influx_route
 173              		.thumb
 174              		.thumb_func
 175              		.type	construct_influx_route, %function
 176              	construct_influx_route:
 177              	.LFB65:
  21:influx.c      **** 
  22:influx.c      **** // Create the route to connect to the influx database
  23:influx.c      **** void construct_influx_route(char* route, char* base, char* user, char* pass, char* database){
 178              		.loc 1 23 0
 179              		.cfi_startproc
 180              		@ args = 4, pretend = 0, frame = 16
 181              		@ frame_needed = 1, uses_anonymous_args = 0
 182 0000 80B5     		push	{r7, lr}
 183              		.cfi_def_cfa_offset 8
 184              		.cfi_offset 7, -8
 185              		.cfi_offset 14, -4
 186 0002 88B0     		sub	sp, sp, #32
 187              		.cfi_def_cfa_offset 40
 188 0004 04AF     		add	r7, sp, #16
 189              		.cfi_def_cfa 7, 24
 190 0006 F860     		str	r0, [r7, #12]
 191 0008 B960     		str	r1, [r7, #8]
 192 000a 7A60     		str	r2, [r7, #4]
 193 000c 3B60     		str	r3, [r7]
  24:influx.c      ****     // Detting a string to \0 is an easy way to set the string to be 0 because \0 denotes the end o
  25:influx.c      ****     route[0] = '\0';
ARM GAS  C:\Users\shara\AppData\Local\Temp\ccm1JDDf.s 			page 5


 194              		.loc 1 25 0
 195 000e FB68     		ldr	r3, [r7, #12]
 196 0010 0022     		movs	r2, #0
 197 0012 1A70     		strb	r2, [r3]
  26:influx.c      ****     snprintf(route,sizeof(http_route), "%s%s?u=%s&p=%s&db=%s", route, base, user, pass, database); 
 198              		.loc 1 26 0
 199 0014 BB69     		ldr	r3, [r7, #24]
 200 0016 0393     		str	r3, [sp, #12]
 201 0018 3B68     		ldr	r3, [r7]
 202 001a 0293     		str	r3, [sp, #8]
 203 001c 7B68     		ldr	r3, [r7, #4]
 204 001e 0193     		str	r3, [sp, #4]
 205 0020 BB68     		ldr	r3, [r7, #8]
 206 0022 0093     		str	r3, [sp]
 207 0024 FB68     		ldr	r3, [r7, #12]
 208 0026 044A     		ldr	r2, .L8
 209 0028 C821     		movs	r1, #200
 210 002a F868     		ldr	r0, [r7, #12]
 211 002c FFF7FEFF 		bl	snprintf
  27:influx.c      **** }
 212              		.loc 1 27 0
 213 0030 00BF     		nop
 214 0032 1037     		adds	r7, r7, #16
 215              		.cfi_def_cfa_offset 8
 216 0034 BD46     		mov	sp, r7
 217              		.cfi_def_cfa_register 13
 218              		@ sp needed
 219 0036 80BD     		pop	{r7, pc}
 220              	.L9:
 221              		.align	2
 222              	.L8:
 223 0038 28000000 		.word	.LC1
 224              		.cfi_endproc
 225              	.LFE65:
 226              		.size	construct_influx_route, .-construct_influx_route
 227              		.section	.rodata
 228 003d 000000   		.align	2
 229              	.LC2:
 230 0040 494E464C 		.ascii	"INFLUX\000"
 230      555800
 231 0047 00       		.align	2
 232              	.LC3:
 233 0048 74657374 		.ascii	"test_reading_1,node_id=XYZ10, value=000 12345\012te"
 233      5F726561 
 233      64696E67 
 233      5F312C6E 
 233      6F64655F 
 234 0078 73745F72 		.ascii	"st_reading_2,node_id=XYZ10, value=111 67890\015\012"
 234      65616469 
 234      6E675F32 
 234      2C6E6F64 
 234      655F6964 
 235 00a5 00       		.ascii	"\000"
 236 00a6 0000     		.align	2
 237              	.LC4:
 238 00a8 30303000 		.ascii	"000\000"
 239              		.align	2
ARM GAS  C:\Users\shara\AppData\Local\Temp\ccm1JDDf.s 			page 6


 240              	.LC5:
 241 00ac 74657374 		.ascii	"test_reading_1\000"
 241      5F726561 
 241      64696E67 
 241      5F3100
 242 00bb 00       		.align	2
 243              	.LC6:
 244 00bc 31313100 		.ascii	"111\000"
 245              		.align	2
 246              	.LC7:
 247 00c0 74657374 		.ascii	"test_reading_2\000"
 247      5F726561 
 247      64696E67 
 247      5F3200
 248 00cf 00       		.align	2
 249              	.LC8:
 250 00d0 58595A31 		.ascii	"XYZ10\000"
 250      3000
 251 00d6 0000     		.align	2
 252              	.LC9:
 253 00d8 496E666C 		.ascii	"Influx body generated correctly.\000"
 253      75782062 
 253      6F647920 
 253      67656E65 
 253      72617465 
 254 00f9 000000   		.align	2
 255              	.LC10:
 256 00fc 496E666C 		.ascii	"Influx body could not be generated correctly.\000"
 256      75782062 
 256      6F647920 
 256      636F756C 
 256      64206E6F 
 257              		.section	.text.influx_test,"ax",%progbits
 258              		.align	2
 259              		.global	influx_test
 260              		.thumb
 261              		.thumb_func
 262              		.type	influx_test, %function
 263              	influx_test:
 264              	.LFB66:
  28:influx.c      **** 
  29:influx.c      **** // Test the influx server
  30:influx.c      **** test_t influx_test(){
 265              		.loc 1 30 0
 266              		.cfi_startproc
 267              		@ args = 0, pretend = 0, frame = 608
 268              		@ frame_needed = 1, uses_anonymous_args = 0
 269 0000 F0B5     		push	{r4, r5, r6, r7, lr}
 270              		.cfi_def_cfa_offset 20
 271              		.cfi_offset 4, -20
 272              		.cfi_offset 5, -16
 273              		.cfi_offset 6, -12
 274              		.cfi_offset 7, -8
 275              		.cfi_offset 14, -4
 276 0002 ADF5197D 		sub	sp, sp, #612
 277              		.cfi_def_cfa_offset 632
 278 0006 00AF     		add	r7, sp, #0
ARM GAS  C:\Users\shara\AppData\Local\Temp\ccm1JDDf.s 			page 7


 279              		.cfi_def_cfa_register 7
 280 0008 3B1D     		adds	r3, r7, #4
 281 000a 1860     		str	r0, [r3]
  31:influx.c      ****     test_t test; // Create variable test of data structure test_t
  32:influx.c      ****     test.status = 0u;
 282              		.loc 1 32 0
 283 000c 07F1D403 		add	r3, r7, #212
 284 0010 0022     		movs	r2, #0
 285 0012 83F88020 		strb	r2, [r3, #128]
  33:influx.c      ****     snprintf(test.test_name,sizeof(test.test_name),"INFLUX");
 286              		.loc 1 33 0
 287 0016 07F1D403 		add	r3, r7, #212
 288 001a 3C4A     		ldr	r2, .L16
 289 001c 92E80300 		ldmia	r2, {r0, r1}
 290 0020 1860     		str	r0, [r3]
 291 0022 0433     		adds	r3, r3, #4
 292 0024 1980     		strh	r1, [r3]	@ movhi
 293 0026 0233     		adds	r3, r3, #2
 294 0028 0A0C     		lsrs	r2, r1, #16
 295 002a 1A70     		strb	r2, [r3]
  34:influx.c      ****     
  35:influx.c      ****     //we'll create a few fake test, generate a string and compare it to a known value
  36:influx.c      ****     char *expected_string = "test_reading_1,node_id=XYZ10, value=000 12345\ntest_reading_2,node_id=
 296              		.loc 1 36 0
 297 002c 384B     		ldr	r3, .L16+4
 298 002e C7F85C32 		str	r3, [r7, #604]
  37:influx.c      ****     
  38:influx.c      ****     Clear_Data_Stack();
 299              		.loc 1 38 0
 300 0032 FFF7FEFF 		bl	Clear_Data_Stack
  39:influx.c      ****     pushData("test_reading_1", "000", 12345);
 301              		.loc 1 39 0
 302 0036 43F23902 		movw	r2, #12345
 303 003a 3649     		ldr	r1, .L16+8
 304 003c 3648     		ldr	r0, .L16+12
 305 003e FFF7FEFF 		bl	pushData
  40:influx.c      ****     pushData("test_reading_2", "111", 67890);
 306              		.loc 1 40 0
 307 0042 364A     		ldr	r2, .L16+16
 308 0044 3649     		ldr	r1, .L16+20
 309 0046 3748     		ldr	r0, .L16+24
 310 0048 FFF7FEFF 		bl	pushData
  41:influx.c      ****     char test_write_body[200];
  42:influx.c      ****     construct_influx_write_body(test_write_body, "XYZ10");
 311              		.loc 1 42 0
 312 004c 07F10C03 		add	r3, r7, #12
 313 0050 3549     		ldr	r1, .L16+28
 314 0052 1846     		mov	r0, r3
 315 0054 FFF7FEFF 		bl	construct_influx_write_body
  43:influx.c      ****     
  44:influx.c      ****     // Will return zero if strings are identical.
  45:influx.c      ****     // int strcmp(const char *str1, const char *str2) compares the string pointed to, by str1 to th
  46:influx.c      ****     int compare = strcmp(test_write_body,expected_string);
 316              		.loc 1 46 0
 317 0058 07F10C03 		add	r3, r7, #12
 318 005c D7F85C12 		ldr	r1, [r7, #604]
 319 0060 1846     		mov	r0, r3
ARM GAS  C:\Users\shara\AppData\Local\Temp\ccm1JDDf.s 			page 8


 320 0062 FFF7FEFF 		bl	strcmp
 321 0066 C7F85802 		str	r0, [r7, #600]
  47:influx.c      ****     
  48:influx.c      ****     // If strings identical, change test status to 1
  49:influx.c      ****     if(compare == 0){
 322              		.loc 1 49 0
 323 006a D7F85832 		ldr	r3, [r7, #600]
 324 006e 002B     		cmp	r3, #0
 325 0070 1DD1     		bne	.L11
  50:influx.c      ****         test.status = 1u;
 326              		.loc 1 50 0
 327 0072 07F1D403 		add	r3, r7, #212
 328 0076 0122     		movs	r2, #1
 329 0078 83F88020 		strb	r2, [r3, #128]
  51:influx.c      ****         snprintf(test.reason,sizeof(test.reason),"Influx body generated correctly.");
 330              		.loc 1 51 0
 331 007c 07F1D403 		add	r3, r7, #212
 332 0080 8133     		adds	r3, r3, #129
 333 0082 2A4A     		ldr	r2, .L16+32
 334 0084 1446     		mov	r4, r2
 335 0086 9E46     		mov	lr, r3
 336 0088 04F1200C 		add	ip, r4, #32
 337              	.L12:
 338 008c 7546     		mov	r5, lr
 339 008e 2646     		mov	r6, r4
 340 0090 0FCE     		ldmia	r6!, {r0, r1, r2, r3}
 341 0092 2860     		str	r0, [r5]	@ unaligned
 342 0094 6960     		str	r1, [r5, #4]	@ unaligned
 343 0096 AA60     		str	r2, [r5, #8]	@ unaligned
 344 0098 EB60     		str	r3, [r5, #12]	@ unaligned
 345 009a 1034     		adds	r4, r4, #16
 346 009c 0EF1100E 		add	lr, lr, #16
 347 00a0 6445     		cmp	r4, ip
 348 00a2 F3D1     		bne	.L12
 349 00a4 7346     		mov	r3, lr
 350 00a6 2246     		mov	r2, r4
 351 00a8 1278     		ldrb	r2, [r2]
 352 00aa 1A70     		strb	r2, [r3]
 353 00ac 1BE0     		b	.L13
 354              	.L11:
  52:influx.c      ****     }else{
  53:influx.c      ****         snprintf(test.reason,sizeof(test.reason),"Influx body could not be generated correctly.");
 355              		.loc 1 53 0
 356 00ae 07F1D403 		add	r3, r7, #212
 357 00b2 8133     		adds	r3, r3, #129
 358 00b4 1E4A     		ldr	r2, .L16+36
 359 00b6 1446     		mov	r4, r2
 360 00b8 9E46     		mov	lr, r3
 361 00ba 04F1200C 		add	ip, r4, #32
 362              	.L14:
 363 00be 7546     		mov	r5, lr
 364 00c0 2646     		mov	r6, r4
 365 00c2 0FCE     		ldmia	r6!, {r0, r1, r2, r3}
 366 00c4 2860     		str	r0, [r5]	@ unaligned
 367 00c6 6960     		str	r1, [r5, #4]	@ unaligned
 368 00c8 AA60     		str	r2, [r5, #8]	@ unaligned
 369 00ca EB60     		str	r3, [r5, #12]	@ unaligned
ARM GAS  C:\Users\shara\AppData\Local\Temp\ccm1JDDf.s 			page 9


 370 00cc 1034     		adds	r4, r4, #16
 371 00ce 0EF1100E 		add	lr, lr, #16
 372 00d2 6445     		cmp	r4, ip
 373 00d4 F3D1     		bne	.L14
 374 00d6 7546     		mov	r5, lr
 375 00d8 2346     		mov	r3, r4
 376 00da 07CB     		ldmia	r3!, {r0, r1, r2}
 377 00dc 2860     		str	r0, [r5]	@ unaligned
 378 00de 6960     		str	r1, [r5, #4]	@ unaligned
 379 00e0 AA60     		str	r2, [r5, #8]	@ unaligned
 380 00e2 1B88     		ldrh	r3, [r3]	@ unaligned
 381 00e4 AB81     		strh	r3, [r5, #12]	@ unaligned
 382              	.L13:
  54:influx.c      ****     }
  55:influx.c      ****     
  56:influx.c      ****     Clear_Data_Stack(); // Clear the data stack
 383              		.loc 1 56 0
 384 00e6 FFF7FEFF 		bl	Clear_Data_Stack
  57:influx.c      ****     
  58:influx.c      ****     return test;
 385              		.loc 1 58 0
 386 00ea 3B1D     		adds	r3, r7, #4
 387 00ec 1A68     		ldr	r2, [r3]
 388 00ee 07F1D403 		add	r3, r7, #212
 389 00f2 1046     		mov	r0, r2
 390 00f4 1946     		mov	r1, r3
 391 00f6 40F28113 		movw	r3, #385
 392 00fa 1A46     		mov	r2, r3
 393 00fc FFF7FEFF 		bl	memcpy
  59:influx.c      **** }...
 394              		.loc 1 59 0
 395 0100 3B1D     		adds	r3, r7, #4
 396 0102 1868     		ldr	r0, [r3]
 397 0104 07F51977 		add	r7, r7, #612
 398              		.cfi_def_cfa_offset 20
 399 0108 BD46     		mov	sp, r7
 400              		.cfi_def_cfa_register 13
 401              		@ sp needed
 402 010a F0BD     		pop	{r4, r5, r6, r7, pc}
 403              	.L17:
 404              		.align	2
 405              	.L16:
 406 010c 40000000 		.word	.LC2
 407 0110 48000000 		.word	.LC3
 408 0114 A8000000 		.word	.LC4
 409 0118 AC000000 		.word	.LC5
 410 011c 32090100 		.word	67890
 411 0120 BC000000 		.word	.LC6
 412 0124 C0000000 		.word	.LC7
 413 0128 D0000000 		.word	.LC8
 414 012c D8000000 		.word	.LC9
 415 0130 FC000000 		.word	.LC10
 416              		.cfi_endproc
 417              	.LFE66:
 418              		.size	influx_test, .-influx_test
 419              		.text
 420              	.Letext0:
ARM GAS  C:\Users\shara\AppData\Local\Temp\ccm1JDDf.s 			page 10


 421              		.file 2 "c:\\program files (x86)\\cypress\\psoc creator\\4.4\\psoc creator\\import\\gnu\\arm\\5.4.
 422              		.file 3 "c:\\program files (x86)\\cypress\\psoc creator\\4.4\\psoc creator\\import\\gnu\\arm\\5.4.
 423              		.file 4 "Generated_Source\\PSoC5/cytypes.h"
 424              		.file 5 "testing.h"
 425              		.file 6 "modem.h"
 426              		.file 7 "data.h"
 427              		.file 8 "notoriOS.h"
 428              		.file 9 "Generated_Source\\PSoC5/core_cm3.h"
 429              		.file 10 "App_LED.h"
 430              		.file 11 "level_sensor.h"
 431              		.file 12 "valve.h"
 432              		.file 13 "autosampler.h"
 433              		.section	.debug_info,"",%progbits
 434              	.Ldebug_info0:
 435 0000 8E070000 		.4byte	0x78e
 436 0004 0400     		.2byte	0x4
 437 0006 00000000 		.4byte	.Ldebug_abbrev0
 438 000a 04       		.byte	0x4
 439 000b 01       		.uleb128 0x1
 440 000c 9B000000 		.4byte	.LASF116
 441 0010 0C       		.byte	0xc
 442 0011 8F010000 		.4byte	.LASF117
 443 0015 D6050000 		.4byte	.LASF118
 444 0019 00000000 		.4byte	.Ldebug_ranges0+0
 445 001d 00000000 		.4byte	0
 446 0021 00000000 		.4byte	.Ldebug_line0
 447 0025 02       		.uleb128 0x2
 448 0026 04       		.byte	0x4
 449 0027 05       		.byte	0x5
 450 0028 696E7400 		.ascii	"int\000"
 451 002c 03       		.uleb128 0x3
 452 002d 04       		.byte	0x4
 453 002e 07       		.byte	0x7
 454 002f AE030000 		.4byte	.LASF0
 455 0033 03       		.uleb128 0x3
 456 0034 08       		.byte	0x8
 457 0035 05       		.byte	0x5
 458 0036 3C020000 		.4byte	.LASF1
 459 003a 03       		.uleb128 0x3
 460 003b 08       		.byte	0x8
 461 003c 04       		.byte	0x4
 462 003d E4020000 		.4byte	.LASF2
 463 0041 03       		.uleb128 0x3
 464 0042 01       		.byte	0x1
 465 0043 06       		.byte	0x6
 466 0044 50030000 		.4byte	.LASF3
 467 0048 03       		.uleb128 0x3
 468 0049 01       		.byte	0x1
 469 004a 08       		.byte	0x8
 470 004b 1A030000 		.4byte	.LASF4
 471 004f 03       		.uleb128 0x3
 472 0050 02       		.byte	0x2
 473 0051 05       		.byte	0x5
 474 0052 60010000 		.4byte	.LASF5
 475 0056 03       		.uleb128 0x3
 476 0057 02       		.byte	0x2
 477 0058 07       		.byte	0x7
ARM GAS  C:\Users\shara\AppData\Local\Temp\ccm1JDDf.s 			page 11


 478 0059 35040000 		.4byte	.LASF6
 479 005d 04       		.uleb128 0x4
 480 005e 73050000 		.4byte	.LASF12
 481 0062 02       		.byte	0x2
 482 0063 3F       		.byte	0x3f
 483 0064 68000000 		.4byte	0x68
 484 0068 03       		.uleb128 0x3
 485 0069 04       		.byte	0x4
 486 006a 05       		.byte	0x5
 487 006b 56020000 		.4byte	.LASF7
 488 006f 03       		.uleb128 0x3
 489 0070 04       		.byte	0x4
 490 0071 07       		.byte	0x7
 491 0072 07050000 		.4byte	.LASF8
 492 0076 03       		.uleb128 0x3
 493 0077 08       		.byte	0x8
 494 0078 07       		.byte	0x7
 495 0079 79030000 		.4byte	.LASF9
 496 007d 03       		.uleb128 0x3
 497 007e 04       		.byte	0x4
 498 007f 07       		.byte	0x7
 499 0080 85000000 		.4byte	.LASF10
 500 0084 05       		.uleb128 0x5
 501 0085 04       		.byte	0x4
 502 0086 8A000000 		.4byte	0x8a
 503 008a 03       		.uleb128 0x3
 504 008b 01       		.byte	0x1
 505 008c 08       		.byte	0x8
 506 008d 4A020000 		.4byte	.LASF11
 507 0091 06       		.uleb128 0x6
 508 0092 8A000000 		.4byte	0x8a
 509 0096 A1000000 		.4byte	0xa1
 510 009a 07       		.uleb128 0x7
 511 009b 7D000000 		.4byte	0x7d
 512 009f 17       		.byte	0x17
 513 00a0 00       		.byte	0
 514 00a1 04       		.uleb128 0x4
 515 00a2 B9040000 		.4byte	.LASF13
 516 00a6 03       		.byte	0x3
 517 00a7 2C       		.byte	0x2c
 518 00a8 5D000000 		.4byte	0x5d
 519 00ac 03       		.uleb128 0x3
 520 00ad 08       		.byte	0x8
 521 00ae 04       		.byte	0x4
 522 00af 1F050000 		.4byte	.LASF14
 523 00b3 03       		.uleb128 0x3
 524 00b4 04       		.byte	0x4
 525 00b5 04       		.byte	0x4
 526 00b6 21020000 		.4byte	.LASF15
 527 00ba 08       		.uleb128 0x8
 528 00bb D1010000 		.4byte	.LASF16
 529 00bf 04       		.byte	0x4
 530 00c0 9201     		.2byte	0x192
 531 00c2 48000000 		.4byte	0x48
 532 00c6 08       		.uleb128 0x8
 533 00c7 88010000 		.4byte	.LASF17
 534 00cb 04       		.byte	0x4
ARM GAS  C:\Users\shara\AppData\Local\Temp\ccm1JDDf.s 			page 12


 535 00cc 9301     		.2byte	0x193
 536 00ce 56000000 		.4byte	0x56
 537 00d2 08       		.uleb128 0x8
 538 00d3 E7010000 		.4byte	.LASF18
 539 00d7 04       		.byte	0x4
 540 00d8 9601     		.2byte	0x196
 541 00da 4F000000 		.4byte	0x4f
 542 00de 08       		.uleb128 0x8
 543 00df 19050000 		.4byte	.LASF19
 544 00e3 04       		.byte	0x4
 545 00e4 9701     		.2byte	0x197
 546 00e6 68000000 		.4byte	0x68
 547 00ea 08       		.uleb128 0x8
 548 00eb 3D000000 		.4byte	.LASF20
 549 00ef 04       		.byte	0x4
 550 00f0 9801     		.2byte	0x198
 551 00f2 B3000000 		.4byte	0xb3
 552 00f6 09       		.uleb128 0x9
 553 00f7 8101     		.2byte	0x181
 554 00f9 05       		.byte	0x5
 555 00fa 0A       		.byte	0xa
 556 00fb 24010000 		.4byte	0x124
 557 00ff 0A       		.uleb128 0xa
 558 0100 A9050000 		.4byte	.LASF21
 559 0104 05       		.byte	0x5
 560 0105 0C       		.byte	0xc
 561 0106 24010000 		.4byte	0x124
 562 010a 00       		.byte	0
 563 010b 0A       		.uleb128 0xa
 564 010c 60040000 		.4byte	.LASF22
 565 0110 05       		.byte	0x5
 566 0111 0D       		.byte	0xd
 567 0112 BA000000 		.4byte	0xba
 568 0116 80       		.byte	0x80
 569 0117 0A       		.uleb128 0xa
 570 0118 4F020000 		.4byte	.LASF23
 571 011c 05       		.byte	0x5
 572 011d 0F       		.byte	0xf
 573 011e 34010000 		.4byte	0x134
 574 0122 81       		.byte	0x81
 575 0123 00       		.byte	0
 576 0124 06       		.uleb128 0x6
 577 0125 8A000000 		.4byte	0x8a
 578 0129 34010000 		.4byte	0x134
 579 012d 07       		.uleb128 0x7
 580 012e 7D000000 		.4byte	0x7d
 581 0132 7F       		.byte	0x7f
 582 0133 00       		.byte	0
 583 0134 06       		.uleb128 0x6
 584 0135 8A000000 		.4byte	0x8a
 585 0139 44010000 		.4byte	0x144
 586 013d 07       		.uleb128 0x7
 587 013e 7D000000 		.4byte	0x7d
 588 0142 FF       		.byte	0xff
 589 0143 00       		.byte	0
 590 0144 04       		.uleb128 0x4
 591 0145 AD040000 		.4byte	.LASF24
ARM GAS  C:\Users\shara\AppData\Local\Temp\ccm1JDDf.s 			page 13


 592 0149 05       		.byte	0x5
 593 014a 10       		.byte	0x10
 594 014b F6000000 		.4byte	0xf6
 595 014f 0B       		.uleb128 0xb
 596 0150 3C       		.byte	0x3c
 597 0151 06       		.byte	0x6
 598 0152 36       		.byte	0x36
 599 0153 7C010000 		.4byte	0x17c
 600 0157 0A       		.uleb128 0xa
 601 0158 27000000 		.4byte	.LASF25
 602 015c 06       		.byte	0x6
 603 015d 37       		.byte	0x37
 604 015e 7C010000 		.4byte	0x17c
 605 0162 00       		.byte	0
 606 0163 0A       		.uleb128 0xa
 607 0164 0E000000 		.4byte	.LASF26
 608 0168 06       		.byte	0x6
 609 0169 38       		.byte	0x38
 610 016a 7C010000 		.4byte	0x17c
 611 016e 14       		.byte	0x14
 612 016f 0A       		.uleb128 0xa
 613 0170 B4040000 		.4byte	.LASF27
 614 0174 06       		.byte	0x6
 615 0175 39       		.byte	0x39
 616 0176 7C010000 		.4byte	0x17c
 617 017a 28       		.byte	0x28
 618 017b 00       		.byte	0
 619 017c 06       		.uleb128 0x6
 620 017d 8A000000 		.4byte	0x8a
 621 0181 8C010000 		.4byte	0x18c
 622 0185 07       		.uleb128 0x7
 623 0186 7D000000 		.4byte	0x7d
 624 018a 13       		.byte	0x13
 625 018b 00       		.byte	0
 626 018c 04       		.uleb128 0x4
 627 018d 50050000 		.4byte	.LASF28
 628 0191 06       		.byte	0x6
 629 0192 3B       		.byte	0x3b
 630 0193 4F010000 		.4byte	0x14f
 631 0197 0B       		.uleb128 0xb
 632 0198 20       		.byte	0x20
 633 0199 06       		.byte	0x6
 634 019a 3D       		.byte	0x3d
 635 019b 00020000 		.4byte	0x200
 636 019f 0A       		.uleb128 0xa
 637 01a0 16040000 		.4byte	.LASF29
 638 01a4 06       		.byte	0x6
 639 01a5 3E       		.byte	0x3e
 640 01a6 25000000 		.4byte	0x25
 641 01aa 00       		.byte	0
 642 01ab 0C       		.uleb128 0xc
 643 01ac 62657200 		.ascii	"ber\000"
 644 01b0 06       		.byte	0x6
 645 01b1 3F       		.byte	0x3f
 646 01b2 25000000 		.4byte	0x25
 647 01b6 04       		.byte	0x4
 648 01b7 0A       		.uleb128 0xa
ARM GAS  C:\Users\shara\AppData\Local\Temp\ccm1JDDf.s 			page 14


 649 01b8 E2010000 		.4byte	.LASF30
 650 01bc 06       		.byte	0x6
 651 01bd 40       		.byte	0x40
 652 01be 25000000 		.4byte	0x25
 653 01c2 08       		.byte	0x8
 654 01c3 0A       		.uleb128 0xa
 655 01c4 5B010000 		.4byte	.LASF31
 656 01c8 06       		.byte	0x6
 657 01c9 41       		.byte	0x41
 658 01ca 25000000 		.4byte	0x25
 659 01ce 0C       		.byte	0xc
 660 01cf 0A       		.uleb128 0xa
 661 01d0 96000000 		.4byte	.LASF32
 662 01d4 06       		.byte	0x6
 663 01d5 42       		.byte	0x42
 664 01d6 25000000 		.4byte	0x25
 665 01da 10       		.byte	0x10
 666 01db 0A       		.uleb128 0xa
 667 01dc 28030000 		.4byte	.LASF33
 668 01e0 06       		.byte	0x6
 669 01e1 43       		.byte	0x43
 670 01e2 25000000 		.4byte	0x25
 671 01e6 14       		.byte	0x14
 672 01e7 0A       		.uleb128 0xa
 673 01e8 48040000 		.4byte	.LASF34
 674 01ec 06       		.byte	0x6
 675 01ed 44       		.byte	0x44
 676 01ee 25000000 		.4byte	0x25
 677 01f2 18       		.byte	0x18
 678 01f3 0A       		.uleb128 0xa
 679 01f4 9A040000 		.4byte	.LASF35
 680 01f8 06       		.byte	0x6
 681 01f9 45       		.byte	0x45
 682 01fa 25000000 		.4byte	0x25
 683 01fe 1C       		.byte	0x1c
 684 01ff 00       		.byte	0
 685 0200 04       		.uleb128 0x4
 686 0201 C1040000 		.4byte	.LASF36
 687 0205 06       		.byte	0x6
 688 0206 47       		.byte	0x47
 689 0207 97010000 		.4byte	0x197
 690 020b 0B       		.uleb128 0xb
 691 020c 0A       		.byte	0xa
 692 020d 06       		.byte	0x6
 693 020e 53       		.byte	0x53
 694 020f 8C020000 		.4byte	0x28c
 695 0213 0A       		.uleb128 0xa
 696 0214 5D060000 		.4byte	.LASF37
 697 0218 06       		.byte	0x6
 698 0219 55       		.byte	0x55
 699 021a BA000000 		.4byte	0xba
 700 021e 00       		.byte	0
 701 021f 0A       		.uleb128 0xa
 702 0220 1C040000 		.4byte	.LASF38
 703 0224 06       		.byte	0x6
 704 0225 57       		.byte	0x57
 705 0226 8C020000 		.4byte	0x28c
ARM GAS  C:\Users\shara\AppData\Local\Temp\ccm1JDDf.s 			page 15


 706 022a 01       		.byte	0x1
 707 022b 0A       		.uleb128 0xa
 708 022c BB020000 		.4byte	.LASF39
 709 0230 06       		.byte	0x6
 710 0231 59       		.byte	0x59
 711 0232 BA000000 		.4byte	0xba
 712 0236 02       		.byte	0x2
 713 0237 0A       		.uleb128 0xa
 714 0238 DB030000 		.4byte	.LASF40
 715 023c 06       		.byte	0x6
 716 023d 5B       		.byte	0x5b
 717 023e BA000000 		.4byte	0xba
 718 0242 03       		.byte	0x3
 719 0243 0A       		.uleb128 0xa
 720 0244 44050000 		.4byte	.LASF41
 721 0248 06       		.byte	0x6
 722 0249 5E       		.byte	0x5e
 723 024a BA000000 		.4byte	0xba
 724 024e 04       		.byte	0x4
 725 024f 0A       		.uleb128 0xa
 726 0250 2E010000 		.4byte	.LASF42
 727 0254 06       		.byte	0x6
 728 0255 63       		.byte	0x63
 729 0256 BA000000 		.4byte	0xba
 730 025a 05       		.byte	0x5
 731 025b 0A       		.uleb128 0xa
 732 025c C8020000 		.4byte	.LASF43
 733 0260 06       		.byte	0x6
 734 0261 65       		.byte	0x65
 735 0262 BA000000 		.4byte	0xba
 736 0266 06       		.byte	0x6
 737 0267 0A       		.uleb128 0xa
 738 0268 5C030000 		.4byte	.LASF44
 739 026c 06       		.byte	0x6
 740 026d 66       		.byte	0x66
 741 026e BA000000 		.4byte	0xba
 742 0272 07       		.byte	0x7
 743 0273 0A       		.uleb128 0xa
 744 0274 44010000 		.4byte	.LASF45
 745 0278 06       		.byte	0x6
 746 0279 67       		.byte	0x67
 747 027a BA000000 		.4byte	0xba
 748 027e 08       		.byte	0x8
 749 027f 0A       		.uleb128 0xa
 750 0280 B3050000 		.4byte	.LASF46
 751 0284 06       		.byte	0x6
 752 0285 68       		.byte	0x68
 753 0286 BA000000 		.4byte	0xba
 754 028a 09       		.byte	0x9
 755 028b 00       		.byte	0
 756 028c 03       		.uleb128 0x3
 757 028d 01       		.byte	0x1
 758 028e 02       		.byte	0x2
 759 028f CF040000 		.4byte	.LASF47
 760 0293 04       		.uleb128 0x4
 761 0294 FF030000 		.4byte	.LASF48
 762 0298 06       		.byte	0x6
ARM GAS  C:\Users\shara\AppData\Local\Temp\ccm1JDDf.s 			page 16


 763 0299 6E       		.byte	0x6e
 764 029a 0B020000 		.4byte	0x20b
 765 029e 0B       		.uleb128 0xb
 766 029f 2C       		.byte	0x2c
 767 02a0 07       		.byte	0x7
 768 02a1 14       		.byte	0x14
 769 02a2 CB020000 		.4byte	0x2cb
 770 02a6 0C       		.uleb128 0xc
 771 02a7 6B657900 		.ascii	"key\000"
 772 02ab 07       		.byte	0x7
 773 02ac 15       		.byte	0x15
 774 02ad 7C010000 		.4byte	0x17c
 775 02b1 00       		.byte	0
 776 02b2 0A       		.uleb128 0xa
 777 02b3 76010000 		.4byte	.LASF49
 778 02b7 07       		.byte	0x7
 779 02b8 16       		.byte	0x16
 780 02b9 7C010000 		.4byte	0x17c
 781 02bd 14       		.byte	0x14
 782 02be 0A       		.uleb128 0xa
 783 02bf ED010000 		.4byte	.LASF50
 784 02c3 07       		.byte	0x7
 785 02c4 17       		.byte	0x17
 786 02c5 DE000000 		.4byte	0xde
 787 02c9 28       		.byte	0x28
 788 02ca 00       		.byte	0
 789 02cb 04       		.uleb128 0x4
 790 02cc BB030000 		.4byte	.LASF51
 791 02d0 07       		.byte	0x7
 792 02d1 19       		.byte	0x19
 793 02d2 9E020000 		.4byte	0x29e
 794 02d6 0B       		.uleb128 0xb
 795 02d7 06       		.byte	0x6
 796 02d8 08       		.byte	0x8
 797 02d9 35       		.byte	0x35
 798 02da 0F030000 		.4byte	0x30f
 799 02de 0A       		.uleb128 0xa
 800 02df 5B000000 		.4byte	.LASF52
 801 02e3 08       		.byte	0x8
 802 02e4 37       		.byte	0x37
 803 02e5 C6000000 		.4byte	0xc6
 804 02e9 00       		.byte	0
 805 02ea 0A       		.uleb128 0xa
 806 02eb 45000000 		.4byte	.LASF53
 807 02ef 08       		.byte	0x8
 808 02f0 38       		.byte	0x38
 809 02f1 D2000000 		.4byte	0xd2
 810 02f5 02       		.byte	0x2
 811 02f6 0A       		.uleb128 0xa
 812 02f7 5D050000 		.4byte	.LASF54
 813 02fb 08       		.byte	0x8
 814 02fc 39       		.byte	0x39
 815 02fd BA000000 		.4byte	0xba
 816 0301 04       		.byte	0x4
 817 0302 0A       		.uleb128 0xa
 818 0303 07060000 		.4byte	.LASF55
 819 0307 08       		.byte	0x8
ARM GAS  C:\Users\shara\AppData\Local\Temp\ccm1JDDf.s 			page 17


 820 0308 3A       		.byte	0x3a
 821 0309 BA000000 		.4byte	0xba
 822 030d 05       		.byte	0x5
 823 030e 00       		.byte	0
 824 030f 04       		.uleb128 0x4
 825 0310 B5020000 		.4byte	.LASF56
 826 0314 08       		.byte	0x8
 827 0315 3D       		.byte	0x3d
 828 0316 1A030000 		.4byte	0x31a
 829 031a 0D       		.uleb128 0xd
 830 031b D6020000 		.4byte	0x2d6
 831 031f 0B       		.uleb128 0xb
 832 0320 1C       		.byte	0x1c
 833 0321 08       		.byte	0x8
 834 0322 40       		.byte	0x40
 835 0323 40030000 		.4byte	0x340
 836 0327 0A       		.uleb128 0xa
 837 0328 D7010000 		.4byte	.LASF57
 838 032c 08       		.byte	0x8
 839 032d 42       		.byte	0x42
 840 032e 40030000 		.4byte	0x340
 841 0332 00       		.byte	0
 842 0333 0A       		.uleb128 0xa
 843 0334 A0030000 		.4byte	.LASF58
 844 0338 08       		.byte	0x8
 845 0339 43       		.byte	0x43
 846 033a 91000000 		.4byte	0x91
 847 033e 04       		.byte	0x4
 848 033f 00       		.byte	0
 849 0340 05       		.uleb128 0x5
 850 0341 04       		.byte	0x4
 851 0342 8C010000 		.4byte	0x18c
 852 0346 04       		.uleb128 0x4
 853 0347 25040000 		.4byte	.LASF59
 854 034b 08       		.byte	0x8
 855 034c 45       		.byte	0x45
 856 034d 1F030000 		.4byte	0x31f
 857 0351 0B       		.uleb128 0xb
 858 0352 68       		.byte	0x68
 859 0353 08       		.byte	0x8
 860 0354 4B       		.byte	0x4b
 861 0355 72030000 		.4byte	0x372
 862 0359 0A       		.uleb128 0xa
 863 035a 8E000000 		.4byte	.LASF60
 864 035e 08       		.byte	0x8
 865 035f 50       		.byte	0x50
 866 0360 72030000 		.4byte	0x372
 867 0364 00       		.byte	0
 868 0365 0A       		.uleb128 0xa
 869 0366 34060000 		.4byte	.LASF61
 870 036a 08       		.byte	0x8
 871 036b 51       		.byte	0x51
 872 036c 25000000 		.4byte	0x25
 873 0370 64       		.byte	0x64
 874 0371 00       		.byte	0
 875 0372 06       		.uleb128 0x6
 876 0373 8A000000 		.4byte	0x8a
ARM GAS  C:\Users\shara\AppData\Local\Temp\ccm1JDDf.s 			page 18


 877 0377 82030000 		.4byte	0x382
 878 037b 07       		.uleb128 0x7
 879 037c 7D000000 		.4byte	0x7d
 880 0380 63       		.byte	0x63
 881 0381 00       		.byte	0
 882 0382 04       		.uleb128 0x4
 883 0383 2E000000 		.4byte	.LASF62
 884 0387 08       		.byte	0x8
 885 0388 57       		.byte	0x57
 886 0389 51030000 		.4byte	0x351
 887 038d 0E       		.uleb128 0xe
 888 038e A3010000 		.4byte	.LASF119
 889 0392 01       		.byte	0x1
 890 0393 05       		.byte	0x5
 891 0394 2C000000 		.4byte	0x2c
 892 0398 00000000 		.4byte	.LFB64
 893 039c 88000000 		.4byte	.LFE64-.LFB64
 894 03a0 01       		.uleb128 0x1
 895 03a1 9C       		.byte	0x9c
 896 03a2 E7030000 		.4byte	0x3e7
 897 03a6 0F       		.uleb128 0xf
 898 03a7 8C020000 		.4byte	.LASF63
 899 03ab 01       		.byte	0x1
 900 03ac 05       		.byte	0x5
 901 03ad 84000000 		.4byte	0x84
 902 03b1 02       		.uleb128 0x2
 903 03b2 91       		.byte	0x91
 904 03b3 64       		.sleb128 -28
 905 03b4 0F       		.uleb128 0xf
 906 03b5 A1050000 		.4byte	.LASF64
 907 03b9 01       		.byte	0x1
 908 03ba 05       		.byte	0x5
 909 03bb 84000000 		.4byte	0x84
 910 03bf 02       		.uleb128 0x2
 911 03c0 91       		.byte	0x91
 912 03c1 60       		.sleb128 -32
 913 03c2 10       		.uleb128 0x10
 914 03c3 4F010000 		.4byte	.LASF65
 915 03c7 01       		.byte	0x1
 916 03c8 10       		.byte	0x10
 917 03c9 2C000000 		.4byte	0x2c
 918 03cd 02       		.uleb128 0x2
 919 03ce 91       		.byte	0x91
 920 03cf 68       		.sleb128 -24
 921 03d0 11       		.uleb128 0x11
 922 03d1 10000000 		.4byte	.LBB2
 923 03d5 5E000000 		.4byte	.LBE2-.LBB2
 924 03d9 12       		.uleb128 0x12
 925 03da 6900     		.ascii	"i\000"
 926 03dc 01       		.byte	0x1
 927 03dd 0A       		.byte	0xa
 928 03de C6000000 		.4byte	0xc6
 929 03e2 02       		.uleb128 0x2
 930 03e3 91       		.byte	0x91
 931 03e4 6E       		.sleb128 -18
 932 03e5 00       		.byte	0
 933 03e6 00       		.byte	0
ARM GAS  C:\Users\shara\AppData\Local\Temp\ccm1JDDf.s 			page 19


 934 03e7 13       		.uleb128 0x13
 935 03e8 7D050000 		.4byte	.LASF71
 936 03ec 01       		.byte	0x1
 937 03ed 17       		.byte	0x17
 938 03ee 00000000 		.4byte	.LFB65
 939 03f2 3C000000 		.4byte	.LFE65-.LFB65
 940 03f6 01       		.uleb128 0x1
 941 03f7 9C       		.byte	0x9c
 942 03f8 43040000 		.4byte	0x443
 943 03fc 0F       		.uleb128 0xf
 944 03fd AF020000 		.4byte	.LASF66
 945 0401 01       		.byte	0x1
 946 0402 17       		.byte	0x17
 947 0403 84000000 		.4byte	0x84
 948 0407 02       		.uleb128 0x2
 949 0408 91       		.byte	0x91
 950 0409 74       		.sleb128 -12
 951 040a 0F       		.uleb128 0xf
 952 040b 3C060000 		.4byte	.LASF67
 953 040f 01       		.byte	0x1
 954 0410 17       		.byte	0x17
 955 0411 84000000 		.4byte	0x84
 956 0415 02       		.uleb128 0x2
 957 0416 91       		.byte	0x91
 958 0417 70       		.sleb128 -16
 959 0418 0F       		.uleb128 0xf
 960 0419 30040000 		.4byte	.LASF68
 961 041d 01       		.byte	0x1
 962 041e 17       		.byte	0x17
 963 041f 84000000 		.4byte	0x84
 964 0423 02       		.uleb128 0x2
 965 0424 91       		.byte	0x91
 966 0425 6C       		.sleb128 -20
 967 0426 0F       		.uleb128 0xf
 968 0427 67040000 		.4byte	.LASF69
 969 042b 01       		.byte	0x1
 970 042c 17       		.byte	0x17
 971 042d 84000000 		.4byte	0x84
 972 0431 02       		.uleb128 0x2
 973 0432 91       		.byte	0x91
 974 0433 68       		.sleb128 -24
 975 0434 0F       		.uleb128 0xf
 976 0435 3B010000 		.4byte	.LASF70
 977 0439 01       		.byte	0x1
 978 043a 17       		.byte	0x17
 979 043b 84000000 		.4byte	0x84
 980 043f 02       		.uleb128 0x2
 981 0440 91       		.byte	0x91
 982 0441 00       		.sleb128 0
 983 0442 00       		.byte	0
 984 0443 14       		.uleb128 0x14
 985 0444 77060000 		.4byte	.LASF72
 986 0448 01       		.byte	0x1
 987 0449 1E       		.byte	0x1e
 988 044a 44010000 		.4byte	0x144
 989 044e 00000000 		.4byte	.LFB66
 990 0452 34010000 		.4byte	.LFE66-.LFB66
ARM GAS  C:\Users\shara\AppData\Local\Temp\ccm1JDDf.s 			page 20


 991 0456 01       		.uleb128 0x1
 992 0457 9C       		.byte	0x9c
 993 0458 97040000 		.4byte	0x497
 994 045c 10       		.uleb128 0x10
 995 045d EC040000 		.4byte	.LASF73
 996 0461 01       		.byte	0x1
 997 0462 1F       		.byte	0x1f
 998 0463 44010000 		.4byte	0x144
 999 0467 03       		.uleb128 0x3
 1000 0468 91       		.byte	0x91
 1001 0469 DC7C     		.sleb128 -420
 1002 046b 10       		.uleb128 0x10
 1003 046c 17000000 		.4byte	.LASF74
 1004 0470 01       		.byte	0x1
 1005 0471 24       		.byte	0x24
 1006 0472 84000000 		.4byte	0x84
 1007 0476 02       		.uleb128 0x2
 1008 0477 91       		.byte	0x91
 1009 0478 64       		.sleb128 -28
 1010 0479 10       		.uleb128 0x10
 1011 047a 6F020000 		.4byte	.LASF75
 1012 047e 01       		.byte	0x1
 1013 047f 29       		.byte	0x29
 1014 0480 97040000 		.4byte	0x497
 1015 0484 03       		.uleb128 0x3
 1016 0485 91       		.byte	0x91
 1017 0486 947B     		.sleb128 -620
 1018 0488 10       		.uleb128 0x10
 1019 0489 6B050000 		.4byte	.LASF76
 1020 048d 01       		.byte	0x1
 1021 048e 2E       		.byte	0x2e
 1022 048f 25000000 		.4byte	0x25
 1023 0493 02       		.uleb128 0x2
 1024 0494 91       		.byte	0x91
 1025 0495 60       		.sleb128 -32
 1026 0496 00       		.byte	0
 1027 0497 06       		.uleb128 0x6
 1028 0498 8A000000 		.4byte	0x8a
 1029 049c A7040000 		.4byte	0x4a7
 1030 04a0 07       		.uleb128 0x7
 1031 04a1 7D000000 		.4byte	0x7d
 1032 04a5 C7       		.byte	0xc7
 1033 04a6 00       		.byte	0
 1034 04a7 15       		.uleb128 0x15
 1035 04a8 26050000 		.4byte	.LASF77
 1036 04ac 09       		.byte	0x9
 1037 04ad 1207     		.2byte	0x712
 1038 04af B3040000 		.4byte	0x4b3
 1039 04b3 0D       		.uleb128 0xd
 1040 04b4 A1000000 		.4byte	0xa1
 1041 04b8 16       		.uleb128 0x16
 1042 04b9 44030000 		.4byte	.LASF78
 1043 04bd 06       		.byte	0x6
 1044 04be 20       		.byte	0x20
 1045 04bf BA000000 		.4byte	0xba
 1046 04c3 05       		.uleb128 0x5
 1047 04c4 03       		.byte	0x3
ARM GAS  C:\Users\shara\AppData\Local\Temp\ccm1JDDf.s 			page 21


 1048 04c5 00000000 		.4byte	modem_state
 1049 04c9 16       		.uleb128 0x16
 1050 04ca 2D030000 		.4byte	.LASF79
 1051 04ce 06       		.byte	0x6
 1052 04cf 71       		.byte	0x71
 1053 04d0 DE000000 		.4byte	0xde
 1054 04d4 05       		.uleb128 0x5
 1055 04d5 03       		.byte	0x3
 1056 04d6 00000000 		.4byte	modem_start_time_stamp
 1057 04da 16       		.uleb128 0x16
 1058 04db D7010000 		.4byte	.LASF57
 1059 04df 06       		.byte	0x6
 1060 04e0 72       		.byte	0x72
 1061 04e1 8C010000 		.4byte	0x18c
 1062 04e5 05       		.uleb128 0x5
 1063 04e6 03       		.byte	0x3
 1064 04e7 00000000 		.4byte	modem_info
 1065 04eb 16       		.uleb128 0x16
 1066 04ec E5030000 		.4byte	.LASF80
 1067 04f0 06       		.byte	0x6
 1068 04f1 73       		.byte	0x73
 1069 04f2 00020000 		.4byte	0x200
 1070 04f6 05       		.uleb128 0x5
 1071 04f7 03       		.byte	0x3
 1072 04f8 00000000 		.4byte	modem_stats
 1073 04fc 16       		.uleb128 0x16
 1074 04fd 1F060000 		.4byte	.LASF81
 1075 0501 06       		.byte	0x6
 1076 0502 74       		.byte	0x74
 1077 0503 93020000 		.4byte	0x293
 1078 0507 05       		.uleb128 0x5
 1079 0508 03       		.byte	0x3
 1080 0509 00000000 		.4byte	updatable_parameters
 1081 050d 16       		.uleb128 0x16
 1082 050e 5F020000 		.4byte	.LASF82
 1083 0512 07       		.byte	0x7
 1084 0513 11       		.byte	0x11
 1085 0514 8C020000 		.4byte	0x28c
 1086 0518 05       		.uleb128 0x5
 1087 0519 03       		.byte	0x3
 1088 051a 00000000 		.4byte	buffer_overflow
 1089 051e 16       		.uleb128 0x16
 1090 051f BF010000 		.4byte	.LASF83
 1091 0523 07       		.byte	0x7
 1092 0524 22       		.byte	0x22
 1093 0525 C6000000 		.4byte	0xc6
 1094 0529 05       		.uleb128 0x5
 1095 052a 03       		.byte	0x3
 1096 052b 00000000 		.4byte	dataPointsInStack
 1097 052f 16       		.uleb128 0x16
 1098 0530 08020000 		.4byte	.LASF84
 1099 0534 07       		.byte	0x7
 1100 0535 23       		.byte	0x23
 1101 0536 C6000000 		.4byte	0xc6
 1102 053a 05       		.uleb128 0x5
 1103 053b 03       		.byte	0x3
 1104 053c 00000000 		.4byte	dataPointsInStackDesired
ARM GAS  C:\Users\shara\AppData\Local\Temp\ccm1JDDf.s 			page 22


 1105 0540 06       		.uleb128 0x6
 1106 0541 CB020000 		.4byte	0x2cb
 1107 0545 50050000 		.4byte	0x550
 1108 0549 07       		.uleb128 0x7
 1109 054a 7D000000 		.4byte	0x7d
 1110 054e 95       		.byte	0x95
 1111 054f 00       		.byte	0
 1112 0550 16       		.uleb128 0x16
 1113 0551 29010000 		.4byte	.LASF85
 1114 0555 07       		.byte	0x7
 1115 0556 24       		.byte	0x24
 1116 0557 40050000 		.4byte	0x540
 1117 055b 05       		.uleb128 0x5
 1118 055c 03       		.byte	0x3
 1119 055d 00000000 		.4byte	data
 1120 0561 16       		.uleb128 0x16
 1121 0562 67060000 		.4byte	.LASF86
 1122 0566 0A       		.byte	0xa
 1123 0567 07       		.byte	0x7
 1124 0568 BA000000 		.4byte	0xba
 1125 056c 05       		.uleb128 0x5
 1126 056d 03       		.byte	0x3
 1127 056e 00000000 		.4byte	App_LED_enabled
 1128 0572 16       		.uleb128 0x16
 1129 0573 F0020000 		.4byte	.LASF87
 1130 0577 0A       		.byte	0xa
 1131 0578 08       		.byte	0x8
 1132 0579 72030000 		.4byte	0x372
 1133 057d 05       		.uleb128 0x5
 1134 057e 03       		.byte	0x3
 1135 057f 00000000 		.4byte	app_led_inbox
 1136 0583 16       		.uleb128 0x16
 1137 0584 6C040000 		.4byte	.LASF88
 1138 0588 0B       		.byte	0xb
 1139 0589 25       		.byte	0x25
 1140 058a 72030000 		.4byte	0x372
 1141 058e 05       		.uleb128 0x5
 1142 058f 03       		.byte	0x3
 1143 0590 00000000 		.4byte	level_sensor_inbox
 1144 0594 16       		.uleb128 0x16
 1145 0595 27020000 		.4byte	.LASF89
 1146 0599 0B       		.byte	0xb
 1147 059a 27       		.byte	0x27
 1148 059b 8C020000 		.4byte	0x28c
 1149 059f 05       		.uleb128 0x5
 1150 05a0 03       		.byte	0x3
 1151 05a1 00000000 		.4byte	level_sensor_enabled
 1152 05a5 16       		.uleb128 0x16
 1153 05a6 7F040000 		.4byte	.LASF90
 1154 05aa 0C       		.byte	0xc
 1155 05ab 2A       		.byte	0x2a
 1156 05ac EA000000 		.4byte	0xea
 1157 05b0 05       		.uleb128 0x5
 1158 05b1 03       		.byte	0x3
 1159 05b2 00000000 		.4byte	valve_diameter
 1160 05b6 06       		.uleb128 0x6
 1161 05b7 8A000000 		.4byte	0x8a
ARM GAS  C:\Users\shara\AppData\Local\Temp\ccm1JDDf.s 			page 23


 1162 05bb C6050000 		.4byte	0x5c6
 1163 05bf 07       		.uleb128 0x7
 1164 05c0 7D000000 		.4byte	0x7d
 1165 05c4 09       		.byte	0x9
 1166 05c5 00       		.byte	0
 1167 05c6 16       		.uleb128 0x16
 1168 05c7 98010000 		.4byte	.LASF91
 1169 05cb 0C       		.byte	0xc
 1170 05cc 2B       		.byte	0x2b
 1171 05cd B6050000 		.4byte	0x5b6
 1172 05d1 05       		.uleb128 0x5
 1173 05d2 03       		.byte	0x3
 1174 05d3 00000000 		.4byte	valve_type
 1175 05d7 16       		.uleb128 0x16
 1176 05d8 00000000 		.4byte	.LASF92
 1177 05dc 0C       		.byte	0xc
 1178 05dd 30       		.byte	0x30
 1179 05de BA000000 		.4byte	0xba
 1180 05e2 05       		.uleb128 0x5
 1181 05e3 03       		.byte	0x3
 1182 05e4 00000000 		.4byte	valve_enabled
 1183 05e8 16       		.uleb128 0x16
 1184 05e9 7C010000 		.4byte	.LASF93
 1185 05ed 0C       		.byte	0xc
 1186 05ee 31       		.byte	0x31
 1187 05ef 72030000 		.4byte	0x372
 1188 05f3 05       		.uleb128 0x5
 1189 05f4 03       		.byte	0x3
 1190 05f5 00000000 		.4byte	valve_inbox
 1191 05f9 16       		.uleb128 0x16
 1192 05fa C7030000 		.4byte	.LASF94
 1193 05fe 0D       		.byte	0xd
 1194 05ff 69       		.byte	0x69
 1195 0600 BA000000 		.4byte	0xba
 1196 0604 05       		.uleb128 0x5
 1197 0605 03       		.byte	0x3
 1198 0606 00000000 		.4byte	autosampler_enabled
 1199 060a 16       		.uleb128 0x16
 1200 060b 4B060000 		.4byte	.LASF95
 1201 060f 0D       		.byte	0xd
 1202 0610 6B       		.byte	0x6b
 1203 0611 72030000 		.4byte	0x372
 1204 0615 05       		.uleb128 0x5
 1205 0616 03       		.byte	0x3
 1206 0617 00000000 		.4byte	autosampler_inbox
 1207 061b 06       		.uleb128 0x6
 1208 061c 8A000000 		.4byte	0x8a
 1209 0620 2C060000 		.4byte	0x62c
 1210 0624 17       		.uleb128 0x17
 1211 0625 7D000000 		.4byte	0x7d
 1212 0629 0F27     		.2byte	0x270f
 1213 062b 00       		.byte	0
 1214 062c 16       		.uleb128 0x16
 1215 062d 83060000 		.4byte	.LASF96
 1216 0631 08       		.byte	0x8
 1217 0632 1F       		.byte	0x1f
 1218 0633 1B060000 		.4byte	0x61b
ARM GAS  C:\Users\shara\AppData\Local\Temp\ccm1JDDf.s 			page 24


 1219 0637 05       		.uleb128 0x5
 1220 0638 03       		.byte	0x3
 1221 0639 00000000 		.4byte	http_request
 1222 063d 16       		.uleb128 0x16
 1223 063e 41060000 		.4byte	.LASF97
 1224 0642 08       		.byte	0x8
 1225 0643 20       		.byte	0x20
 1226 0644 1B060000 		.4byte	0x61b
 1227 0648 05       		.uleb128 0x5
 1228 0649 03       		.byte	0x3
 1229 064a 00000000 		.4byte	http_body
 1230 064e 16       		.uleb128 0x16
 1231 064f FC040000 		.4byte	.LASF98
 1232 0653 08       		.byte	0x8
 1233 0654 21       		.byte	0x21
 1234 0655 97040000 		.4byte	0x497
 1235 0659 05       		.uleb128 0x5
 1236 065a 03       		.byte	0x3
 1237 065b 00000000 		.4byte	http_route
 1238 065f 16       		.uleb128 0x16
 1239 0660 8E040000 		.4byte	.LASF99
 1240 0664 08       		.byte	0x8
 1241 0665 48       		.byte	0x48
 1242 0666 46030000 		.4byte	0x346
 1243 066a 05       		.uleb128 0x5
 1244 066b 03       		.byte	0x3
 1245 066c 00000000 		.4byte	system_info
 1246 0670 16       		.uleb128 0x16
 1247 0671 90030000 		.4byte	.LASF100
 1248 0675 08       		.byte	0x8
 1249 0676 5A       		.byte	0x5a
 1250 0677 82030000 		.4byte	0x382
 1251 067b 05       		.uleb128 0x5
 1252 067c 03       		.byte	0x3
 1253 067d 00000000 		.4byte	system_settings
 1254 0681 16       		.uleb128 0x16
 1255 0682 7F020000 		.4byte	.LASF101
 1256 0686 08       		.byte	0x8
 1257 0687 76       		.byte	0x76
 1258 0688 0F030000 		.4byte	0x30f
 1259 068c 05       		.uleb128 0x5
 1260 068d 03       		.byte	0x3
 1261 068e 00000000 		.4byte	alarmMeasure
 1262 0692 16       		.uleb128 0x16
 1263 0693 F1030000 		.4byte	.LASF102
 1264 0697 08       		.byte	0x8
 1265 0698 77       		.byte	0x77
 1266 0699 BA000000 		.4byte	0xba
 1267 069d 05       		.uleb128 0x5
 1268 069e 03       		.byte	0x3
 1269 069f 00000000 		.4byte	timeToMeasure
 1270 06a3 16       		.uleb128 0x16
 1271 06a4 DA020000 		.4byte	.LASF103
 1272 06a8 08       		.byte	0x8
 1273 06a9 78       		.byte	0x78
 1274 06aa 0F030000 		.4byte	0x30f
 1275 06ae 05       		.uleb128 0x5
ARM GAS  C:\Users\shara\AppData\Local\Temp\ccm1JDDf.s 			page 25


 1276 06af 03       		.byte	0x3
 1277 06b0 00000000 		.4byte	alarmSync
 1278 06b4 16       		.uleb128 0x16
 1279 06b5 90060000 		.4byte	.LASF104
 1280 06b9 08       		.byte	0x8
 1281 06ba 79       		.byte	0x79
 1282 06bb BA000000 		.4byte	0xba
 1283 06bf 05       		.uleb128 0x5
 1284 06c0 03       		.byte	0x3
 1285 06c1 00000000 		.4byte	timeToSync
 1286 06c5 16       		.uleb128 0x16
 1287 06c6 D5040000 		.4byte	.LASF105
 1288 06ca 08       		.byte	0x8
 1289 06cb 7A       		.byte	0x7a
 1290 06cc BA000000 		.4byte	0xba
 1291 06d0 05       		.uleb128 0x5
 1292 06d1 03       		.byte	0x3
 1293 06d2 00000000 		.4byte	timeToSycnRemoteParams
 1294 06d6 18       		.uleb128 0x18
 1295 06d7 68657900 		.ascii	"hey\000"
 1296 06db 08       		.byte	0x8
 1297 06dc 7B       		.byte	0x7b
 1298 06dd BA000000 		.4byte	0xba
 1299 06e1 05       		.uleb128 0x5
 1300 06e2 03       		.byte	0x3
 1301 06e3 00000000 		.4byte	hey
 1302 06e7 16       		.uleb128 0x16
 1303 06e8 6A010000 		.4byte	.LASF106
 1304 06ec 08       		.byte	0x8
 1305 06ed 7F       		.byte	0x7f
 1306 06ee 0F030000 		.4byte	0x30f
 1307 06f2 05       		.uleb128 0x5
 1308 06f3 03       		.byte	0x3
 1309 06f4 00000000 		.4byte	alarmAppLED
 1310 06f8 16       		.uleb128 0x16
 1311 06f9 94050000 		.4byte	.LASF107
 1312 06fd 08       		.byte	0x8
 1313 06fe 80       		.byte	0x80
 1314 06ff BA000000 		.4byte	0xba
 1315 0703 05       		.uleb128 0x5
 1316 0704 03       		.byte	0x3
 1317 0705 00000000 		.4byte	timeToAppLED
 1318 0709 16       		.uleb128 0x16
 1319 070a 33050000 		.4byte	.LASF108
 1320 070e 08       		.byte	0x8
 1321 070f 82       		.byte	0x82
 1322 0710 0F030000 		.4byte	0x30f
 1323 0714 05       		.uleb128 0x5
 1324 0715 03       		.byte	0x3
 1325 0716 00000000 		.4byte	alarmLevelSensor
 1326 071a 16       		.uleb128 0x16
 1327 071b C4050000 		.4byte	.LASF109
 1328 071f 08       		.byte	0x8
 1329 0720 83       		.byte	0x83
 1330 0721 BA000000 		.4byte	0xba
 1331 0725 05       		.uleb128 0x5
 1332 0726 03       		.byte	0x3
ARM GAS  C:\Users\shara\AppData\Local\Temp\ccm1JDDf.s 			page 26


 1333 0727 00000000 		.4byte	timeToLevelSensor
 1334 072b 16       		.uleb128 0x16
 1335 072c 6A000000 		.4byte	.LASF110
 1336 0730 08       		.byte	0x8
 1337 0731 85       		.byte	0x85
 1338 0732 0F030000 		.4byte	0x30f
 1339 0736 05       		.uleb128 0x5
 1340 0737 03       		.byte	0x3
 1341 0738 00000000 		.4byte	alarmDownstreamLevelSensor
 1342 073c 16       		.uleb128 0x16
 1343 073d FE020000 		.4byte	.LASF111
 1344 0741 08       		.byte	0x8
 1345 0742 86       		.byte	0x86
 1346 0743 BA000000 		.4byte	0xba
 1347 0747 05       		.uleb128 0x5
 1348 0748 03       		.byte	0x3
 1349 0749 00000000 		.4byte	timeToDownstreamLevelSensor
 1350 074d 16       		.uleb128 0x16
 1351 074e F1040000 		.4byte	.LASF112
 1352 0752 08       		.byte	0x8
 1353 0753 88       		.byte	0x88
 1354 0754 0F030000 		.4byte	0x30f
 1355 0758 05       		.uleb128 0x5
 1356 0759 03       		.byte	0x3
 1357 075a 00000000 		.4byte	alarmValve
 1358 075e 16       		.uleb128 0x16
 1359 075f A3020000 		.4byte	.LASF113
 1360 0763 08       		.byte	0x8
 1361 0764 89       		.byte	0x89
 1362 0765 BA000000 		.4byte	0xba
 1363 0769 05       		.uleb128 0x5
 1364 076a 03       		.byte	0x3
 1365 076b 00000000 		.4byte	timeToValve
 1366 076f 16       		.uleb128 0x16
 1367 0770 F7010000 		.4byte	.LASF114
 1368 0774 08       		.byte	0x8
 1369 0775 8B       		.byte	0x8b
 1370 0776 0F030000 		.4byte	0x30f
 1371 077a 05       		.uleb128 0x5
 1372 077b 03       		.byte	0x3
 1373 077c 00000000 		.4byte	alarmAutosampler
 1374 0780 16       		.uleb128 0x16
 1375 0781 91020000 		.4byte	.LASF115
 1376 0785 08       		.byte	0x8
 1377 0786 8C       		.byte	0x8c
 1378 0787 BA000000 		.4byte	0xba
 1379 078b 05       		.uleb128 0x5
 1380 078c 03       		.byte	0x3
 1381 078d 00000000 		.4byte	timeToAutosampler
 1382 0791 00       		.byte	0
 1383              		.section	.debug_abbrev,"",%progbits
 1384              	.Ldebug_abbrev0:
 1385 0000 01       		.uleb128 0x1
 1386 0001 11       		.uleb128 0x11
 1387 0002 01       		.byte	0x1
 1388 0003 25       		.uleb128 0x25
 1389 0004 0E       		.uleb128 0xe
ARM GAS  C:\Users\shara\AppData\Local\Temp\ccm1JDDf.s 			page 27


 1390 0005 13       		.uleb128 0x13
 1391 0006 0B       		.uleb128 0xb
 1392 0007 03       		.uleb128 0x3
 1393 0008 0E       		.uleb128 0xe
 1394 0009 1B       		.uleb128 0x1b
 1395 000a 0E       		.uleb128 0xe
 1396 000b 55       		.uleb128 0x55
 1397 000c 17       		.uleb128 0x17
 1398 000d 11       		.uleb128 0x11
 1399 000e 01       		.uleb128 0x1
 1400 000f 10       		.uleb128 0x10
 1401 0010 17       		.uleb128 0x17
 1402 0011 00       		.byte	0
 1403 0012 00       		.byte	0
 1404 0013 02       		.uleb128 0x2
 1405 0014 24       		.uleb128 0x24
 1406 0015 00       		.byte	0
 1407 0016 0B       		.uleb128 0xb
 1408 0017 0B       		.uleb128 0xb
 1409 0018 3E       		.uleb128 0x3e
 1410 0019 0B       		.uleb128 0xb
 1411 001a 03       		.uleb128 0x3
 1412 001b 08       		.uleb128 0x8
 1413 001c 00       		.byte	0
 1414 001d 00       		.byte	0
 1415 001e 03       		.uleb128 0x3
 1416 001f 24       		.uleb128 0x24
 1417 0020 00       		.byte	0
 1418 0021 0B       		.uleb128 0xb
 1419 0022 0B       		.uleb128 0xb
 1420 0023 3E       		.uleb128 0x3e
 1421 0024 0B       		.uleb128 0xb
 1422 0025 03       		.uleb128 0x3
 1423 0026 0E       		.uleb128 0xe
 1424 0027 00       		.byte	0
 1425 0028 00       		.byte	0
 1426 0029 04       		.uleb128 0x4
 1427 002a 16       		.uleb128 0x16
 1428 002b 00       		.byte	0
 1429 002c 03       		.uleb128 0x3
 1430 002d 0E       		.uleb128 0xe
 1431 002e 3A       		.uleb128 0x3a
 1432 002f 0B       		.uleb128 0xb
 1433 0030 3B       		.uleb128 0x3b
 1434 0031 0B       		.uleb128 0xb
 1435 0032 49       		.uleb128 0x49
 1436 0033 13       		.uleb128 0x13
 1437 0034 00       		.byte	0
 1438 0035 00       		.byte	0
 1439 0036 05       		.uleb128 0x5
 1440 0037 0F       		.uleb128 0xf
 1441 0038 00       		.byte	0
 1442 0039 0B       		.uleb128 0xb
 1443 003a 0B       		.uleb128 0xb
 1444 003b 49       		.uleb128 0x49
 1445 003c 13       		.uleb128 0x13
 1446 003d 00       		.byte	0
ARM GAS  C:\Users\shara\AppData\Local\Temp\ccm1JDDf.s 			page 28


 1447 003e 00       		.byte	0
 1448 003f 06       		.uleb128 0x6
 1449 0040 01       		.uleb128 0x1
 1450 0041 01       		.byte	0x1
 1451 0042 49       		.uleb128 0x49
 1452 0043 13       		.uleb128 0x13
 1453 0044 01       		.uleb128 0x1
 1454 0045 13       		.uleb128 0x13
 1455 0046 00       		.byte	0
 1456 0047 00       		.byte	0
 1457 0048 07       		.uleb128 0x7
 1458 0049 21       		.uleb128 0x21
 1459 004a 00       		.byte	0
 1460 004b 49       		.uleb128 0x49
 1461 004c 13       		.uleb128 0x13
 1462 004d 2F       		.uleb128 0x2f
 1463 004e 0B       		.uleb128 0xb
 1464 004f 00       		.byte	0
 1465 0050 00       		.byte	0
 1466 0051 08       		.uleb128 0x8
 1467 0052 16       		.uleb128 0x16
 1468 0053 00       		.byte	0
 1469 0054 03       		.uleb128 0x3
 1470 0055 0E       		.uleb128 0xe
 1471 0056 3A       		.uleb128 0x3a
 1472 0057 0B       		.uleb128 0xb
 1473 0058 3B       		.uleb128 0x3b
 1474 0059 05       		.uleb128 0x5
 1475 005a 49       		.uleb128 0x49
 1476 005b 13       		.uleb128 0x13
 1477 005c 00       		.byte	0
 1478 005d 00       		.byte	0
 1479 005e 09       		.uleb128 0x9
 1480 005f 13       		.uleb128 0x13
 1481 0060 01       		.byte	0x1
 1482 0061 0B       		.uleb128 0xb
 1483 0062 05       		.uleb128 0x5
 1484 0063 3A       		.uleb128 0x3a
 1485 0064 0B       		.uleb128 0xb
 1486 0065 3B       		.uleb128 0x3b
 1487 0066 0B       		.uleb128 0xb
 1488 0067 01       		.uleb128 0x1
 1489 0068 13       		.uleb128 0x13
 1490 0069 00       		.byte	0
 1491 006a 00       		.byte	0
 1492 006b 0A       		.uleb128 0xa
 1493 006c 0D       		.uleb128 0xd
 1494 006d 00       		.byte	0
 1495 006e 03       		.uleb128 0x3
 1496 006f 0E       		.uleb128 0xe
 1497 0070 3A       		.uleb128 0x3a
 1498 0071 0B       		.uleb128 0xb
 1499 0072 3B       		.uleb128 0x3b
 1500 0073 0B       		.uleb128 0xb
 1501 0074 49       		.uleb128 0x49
 1502 0075 13       		.uleb128 0x13
 1503 0076 38       		.uleb128 0x38
ARM GAS  C:\Users\shara\AppData\Local\Temp\ccm1JDDf.s 			page 29


 1504 0077 0B       		.uleb128 0xb
 1505 0078 00       		.byte	0
 1506 0079 00       		.byte	0
 1507 007a 0B       		.uleb128 0xb
 1508 007b 13       		.uleb128 0x13
 1509 007c 01       		.byte	0x1
 1510 007d 0B       		.uleb128 0xb
 1511 007e 0B       		.uleb128 0xb
 1512 007f 3A       		.uleb128 0x3a
 1513 0080 0B       		.uleb128 0xb
 1514 0081 3B       		.uleb128 0x3b
 1515 0082 0B       		.uleb128 0xb
 1516 0083 01       		.uleb128 0x1
 1517 0084 13       		.uleb128 0x13
 1518 0085 00       		.byte	0
 1519 0086 00       		.byte	0
 1520 0087 0C       		.uleb128 0xc
 1521 0088 0D       		.uleb128 0xd
 1522 0089 00       		.byte	0
 1523 008a 03       		.uleb128 0x3
 1524 008b 08       		.uleb128 0x8
 1525 008c 3A       		.uleb128 0x3a
 1526 008d 0B       		.uleb128 0xb
 1527 008e 3B       		.uleb128 0x3b
 1528 008f 0B       		.uleb128 0xb
 1529 0090 49       		.uleb128 0x49
 1530 0091 13       		.uleb128 0x13
 1531 0092 38       		.uleb128 0x38
 1532 0093 0B       		.uleb128 0xb
 1533 0094 00       		.byte	0
 1534 0095 00       		.byte	0
 1535 0096 0D       		.uleb128 0xd
 1536 0097 35       		.uleb128 0x35
 1537 0098 00       		.byte	0
 1538 0099 49       		.uleb128 0x49
 1539 009a 13       		.uleb128 0x13
 1540 009b 00       		.byte	0
 1541 009c 00       		.byte	0
 1542 009d 0E       		.uleb128 0xe
 1543 009e 2E       		.uleb128 0x2e
 1544 009f 01       		.byte	0x1
 1545 00a0 3F       		.uleb128 0x3f
 1546 00a1 19       		.uleb128 0x19
 1547 00a2 03       		.uleb128 0x3
 1548 00a3 0E       		.uleb128 0xe
 1549 00a4 3A       		.uleb128 0x3a
 1550 00a5 0B       		.uleb128 0xb
 1551 00a6 3B       		.uleb128 0x3b
 1552 00a7 0B       		.uleb128 0xb
 1553 00a8 27       		.uleb128 0x27
 1554 00a9 19       		.uleb128 0x19
 1555 00aa 49       		.uleb128 0x49
 1556 00ab 13       		.uleb128 0x13
 1557 00ac 11       		.uleb128 0x11
 1558 00ad 01       		.uleb128 0x1
 1559 00ae 12       		.uleb128 0x12
 1560 00af 06       		.uleb128 0x6
ARM GAS  C:\Users\shara\AppData\Local\Temp\ccm1JDDf.s 			page 30


 1561 00b0 40       		.uleb128 0x40
 1562 00b1 18       		.uleb128 0x18
 1563 00b2 9642     		.uleb128 0x2116
 1564 00b4 19       		.uleb128 0x19
 1565 00b5 01       		.uleb128 0x1
 1566 00b6 13       		.uleb128 0x13
 1567 00b7 00       		.byte	0
 1568 00b8 00       		.byte	0
 1569 00b9 0F       		.uleb128 0xf
 1570 00ba 05       		.uleb128 0x5
 1571 00bb 00       		.byte	0
 1572 00bc 03       		.uleb128 0x3
 1573 00bd 0E       		.uleb128 0xe
 1574 00be 3A       		.uleb128 0x3a
 1575 00bf 0B       		.uleb128 0xb
 1576 00c0 3B       		.uleb128 0x3b
 1577 00c1 0B       		.uleb128 0xb
 1578 00c2 49       		.uleb128 0x49
 1579 00c3 13       		.uleb128 0x13
 1580 00c4 02       		.uleb128 0x2
 1581 00c5 18       		.uleb128 0x18
 1582 00c6 00       		.byte	0
 1583 00c7 00       		.byte	0
 1584 00c8 10       		.uleb128 0x10
 1585 00c9 34       		.uleb128 0x34
 1586 00ca 00       		.byte	0
 1587 00cb 03       		.uleb128 0x3
 1588 00cc 0E       		.uleb128 0xe
 1589 00cd 3A       		.uleb128 0x3a
 1590 00ce 0B       		.uleb128 0xb
 1591 00cf 3B       		.uleb128 0x3b
 1592 00d0 0B       		.uleb128 0xb
 1593 00d1 49       		.uleb128 0x49
 1594 00d2 13       		.uleb128 0x13
 1595 00d3 02       		.uleb128 0x2
 1596 00d4 18       		.uleb128 0x18
 1597 00d5 00       		.byte	0
 1598 00d6 00       		.byte	0
 1599 00d7 11       		.uleb128 0x11
 1600 00d8 0B       		.uleb128 0xb
 1601 00d9 01       		.byte	0x1
 1602 00da 11       		.uleb128 0x11
 1603 00db 01       		.uleb128 0x1
 1604 00dc 12       		.uleb128 0x12
 1605 00dd 06       		.uleb128 0x6
 1606 00de 00       		.byte	0
 1607 00df 00       		.byte	0
 1608 00e0 12       		.uleb128 0x12
 1609 00e1 34       		.uleb128 0x34
 1610 00e2 00       		.byte	0
 1611 00e3 03       		.uleb128 0x3
 1612 00e4 08       		.uleb128 0x8
 1613 00e5 3A       		.uleb128 0x3a
 1614 00e6 0B       		.uleb128 0xb
 1615 00e7 3B       		.uleb128 0x3b
 1616 00e8 0B       		.uleb128 0xb
 1617 00e9 49       		.uleb128 0x49
ARM GAS  C:\Users\shara\AppData\Local\Temp\ccm1JDDf.s 			page 31


 1618 00ea 13       		.uleb128 0x13
 1619 00eb 02       		.uleb128 0x2
 1620 00ec 18       		.uleb128 0x18
 1621 00ed 00       		.byte	0
 1622 00ee 00       		.byte	0
 1623 00ef 13       		.uleb128 0x13
 1624 00f0 2E       		.uleb128 0x2e
 1625 00f1 01       		.byte	0x1
 1626 00f2 3F       		.uleb128 0x3f
 1627 00f3 19       		.uleb128 0x19
 1628 00f4 03       		.uleb128 0x3
 1629 00f5 0E       		.uleb128 0xe
 1630 00f6 3A       		.uleb128 0x3a
 1631 00f7 0B       		.uleb128 0xb
 1632 00f8 3B       		.uleb128 0x3b
 1633 00f9 0B       		.uleb128 0xb
 1634 00fa 27       		.uleb128 0x27
 1635 00fb 19       		.uleb128 0x19
 1636 00fc 11       		.uleb128 0x11
 1637 00fd 01       		.uleb128 0x1
 1638 00fe 12       		.uleb128 0x12
 1639 00ff 06       		.uleb128 0x6
 1640 0100 40       		.uleb128 0x40
 1641 0101 18       		.uleb128 0x18
 1642 0102 9642     		.uleb128 0x2116
 1643 0104 19       		.uleb128 0x19
 1644 0105 01       		.uleb128 0x1
 1645 0106 13       		.uleb128 0x13
 1646 0107 00       		.byte	0
 1647 0108 00       		.byte	0
 1648 0109 14       		.uleb128 0x14
 1649 010a 2E       		.uleb128 0x2e
 1650 010b 01       		.byte	0x1
 1651 010c 3F       		.uleb128 0x3f
 1652 010d 19       		.uleb128 0x19
 1653 010e 03       		.uleb128 0x3
 1654 010f 0E       		.uleb128 0xe
 1655 0110 3A       		.uleb128 0x3a
 1656 0111 0B       		.uleb128 0xb
 1657 0112 3B       		.uleb128 0x3b
 1658 0113 0B       		.uleb128 0xb
 1659 0114 49       		.uleb128 0x49
 1660 0115 13       		.uleb128 0x13
 1661 0116 11       		.uleb128 0x11
 1662 0117 01       		.uleb128 0x1
 1663 0118 12       		.uleb128 0x12
 1664 0119 06       		.uleb128 0x6
 1665 011a 40       		.uleb128 0x40
 1666 011b 18       		.uleb128 0x18
 1667 011c 9642     		.uleb128 0x2116
 1668 011e 19       		.uleb128 0x19
 1669 011f 01       		.uleb128 0x1
 1670 0120 13       		.uleb128 0x13
 1671 0121 00       		.byte	0
 1672 0122 00       		.byte	0
 1673 0123 15       		.uleb128 0x15
 1674 0124 34       		.uleb128 0x34
ARM GAS  C:\Users\shara\AppData\Local\Temp\ccm1JDDf.s 			page 32


 1675 0125 00       		.byte	0
 1676 0126 03       		.uleb128 0x3
 1677 0127 0E       		.uleb128 0xe
 1678 0128 3A       		.uleb128 0x3a
 1679 0129 0B       		.uleb128 0xb
 1680 012a 3B       		.uleb128 0x3b
 1681 012b 05       		.uleb128 0x5
 1682 012c 49       		.uleb128 0x49
 1683 012d 13       		.uleb128 0x13
 1684 012e 3F       		.uleb128 0x3f
 1685 012f 19       		.uleb128 0x19
 1686 0130 3C       		.uleb128 0x3c
 1687 0131 19       		.uleb128 0x19
 1688 0132 00       		.byte	0
 1689 0133 00       		.byte	0
 1690 0134 16       		.uleb128 0x16
 1691 0135 34       		.uleb128 0x34
 1692 0136 00       		.byte	0
 1693 0137 03       		.uleb128 0x3
 1694 0138 0E       		.uleb128 0xe
 1695 0139 3A       		.uleb128 0x3a
 1696 013a 0B       		.uleb128 0xb
 1697 013b 3B       		.uleb128 0x3b
 1698 013c 0B       		.uleb128 0xb
 1699 013d 49       		.uleb128 0x49
 1700 013e 13       		.uleb128 0x13
 1701 013f 3F       		.uleb128 0x3f
 1702 0140 19       		.uleb128 0x19
 1703 0141 02       		.uleb128 0x2
 1704 0142 18       		.uleb128 0x18
 1705 0143 00       		.byte	0
 1706 0144 00       		.byte	0
 1707 0145 17       		.uleb128 0x17
 1708 0146 21       		.uleb128 0x21
 1709 0147 00       		.byte	0
 1710 0148 49       		.uleb128 0x49
 1711 0149 13       		.uleb128 0x13
 1712 014a 2F       		.uleb128 0x2f
 1713 014b 05       		.uleb128 0x5
 1714 014c 00       		.byte	0
 1715 014d 00       		.byte	0
 1716 014e 18       		.uleb128 0x18
 1717 014f 34       		.uleb128 0x34
 1718 0150 00       		.byte	0
 1719 0151 03       		.uleb128 0x3
 1720 0152 08       		.uleb128 0x8
 1721 0153 3A       		.uleb128 0x3a
 1722 0154 0B       		.uleb128 0xb
 1723 0155 3B       		.uleb128 0x3b
 1724 0156 0B       		.uleb128 0xb
 1725 0157 49       		.uleb128 0x49
 1726 0158 13       		.uleb128 0x13
 1727 0159 3F       		.uleb128 0x3f
 1728 015a 19       		.uleb128 0x19
 1729 015b 02       		.uleb128 0x2
 1730 015c 18       		.uleb128 0x18
 1731 015d 00       		.byte	0
ARM GAS  C:\Users\shara\AppData\Local\Temp\ccm1JDDf.s 			page 33


 1732 015e 00       		.byte	0
 1733 015f 00       		.byte	0
 1734              		.section	.debug_aranges,"",%progbits
 1735 0000 2C000000 		.4byte	0x2c
 1736 0004 0200     		.2byte	0x2
 1737 0006 00000000 		.4byte	.Ldebug_info0
 1738 000a 04       		.byte	0x4
 1739 000b 00       		.byte	0
 1740 000c 0000     		.2byte	0
 1741 000e 0000     		.2byte	0
 1742 0010 00000000 		.4byte	.LFB64
 1743 0014 88000000 		.4byte	.LFE64-.LFB64
 1744 0018 00000000 		.4byte	.LFB65
 1745 001c 3C000000 		.4byte	.LFE65-.LFB65
 1746 0020 00000000 		.4byte	.LFB66
 1747 0024 34010000 		.4byte	.LFE66-.LFB66
 1748 0028 00000000 		.4byte	0
 1749 002c 00000000 		.4byte	0
 1750              		.section	.debug_ranges,"",%progbits
 1751              	.Ldebug_ranges0:
 1752 0000 00000000 		.4byte	.LFB64
 1753 0004 88000000 		.4byte	.LFE64
 1754 0008 00000000 		.4byte	.LFB65
 1755 000c 3C000000 		.4byte	.LFE65
 1756 0010 00000000 		.4byte	.LFB66
 1757 0014 34010000 		.4byte	.LFE66
 1758 0018 00000000 		.4byte	0
 1759 001c 00000000 		.4byte	0
 1760              		.section	.debug_line,"",%progbits
 1761              	.Ldebug_line0:
 1762 0000 15020000 		.section	.debug_str,"MS",%progbits,1
 1762      0200B901 
 1762      00000201 
 1762      FB0E0D00 
 1762      01010101 
 1763              	.LASF92:
 1764 0000 76616C76 		.ascii	"valve_enabled\000"
 1764      655F656E 
 1764      61626C65 
 1764      6400
 1765              	.LASF26:
 1766 000e 6D6F6465 		.ascii	"model_id\000"
 1766      6C5F6964 
 1766      00
 1767              	.LASF74:
 1768 0017 65787065 		.ascii	"expected_string\000"
 1768      63746564 
 1768      5F737472 
 1768      696E6700 
 1769              	.LASF25:
 1770 0027 73696D5F 		.ascii	"sim_id\000"
 1770      696400
 1771              	.LASF62:
 1772 002e 7379735F 		.ascii	"sys_settings_t\000"
 1772      73657474 
 1772      696E6773 
 1772      5F7400
ARM GAS  C:\Users\shara\AppData\Local\Temp\ccm1JDDf.s 			page 34


 1773              	.LASF20:
 1774 003d 666C6F61 		.ascii	"float32\000"
 1774      74333200 
 1775              	.LASF53:
 1776 0045 63757272 		.ascii	"currentCountDownValue\000"
 1776      656E7443 
 1776      6F756E74 
 1776      446F776E 
 1776      56616C75 
 1777              	.LASF52:
 1778 005b 636F756E 		.ascii	"countDownValue\000"
 1778      74446F77 
 1778      6E56616C 
 1778      756500
 1779              	.LASF110:
 1780 006a 616C6172 		.ascii	"alarmDownstreamLevelSensor\000"
 1780      6D446F77 
 1780      6E737472 
 1780      65616D4C 
 1780      6576656C 
 1781              	.LASF10:
 1782 0085 73697A65 		.ascii	"sizetype\000"
 1782      74797065 
 1782      00
 1783              	.LASF60:
 1784 008e 65705F68 		.ascii	"ep_host\000"
 1784      6F737400 
 1785              	.LASF32:
 1786 0096 72737271 		.ascii	"rsrq\000"
 1786      00
 1787              	.LASF116:
 1788 009b 474E5520 		.ascii	"GNU C11 5.4.1 20160609 (release) [ARM/embedded-5-br"
 1788      43313120 
 1788      352E342E 
 1788      31203230 
 1788      31363036 
 1789 00ce 616E6368 		.ascii	"anch revision 237715] -mcpu=cortex-m3 -mthumb -g -O"
 1789      20726576 
 1789      6973696F 
 1789      6E203233 
 1789      37373135 
 1790 0101 30202D66 		.ascii	"0 -ffunction-sections -ffat-lto-objects\000"
 1790      66756E63 
 1790      74696F6E 
 1790      2D736563 
 1790      74696F6E 
 1791              	.LASF85:
 1792 0129 64617461 		.ascii	"data\000"
 1792      00
 1793              	.LASF42:
 1794 012e 4170705F 		.ascii	"App_LED_freq\000"
 1794      4C45445F 
 1794      66726571 
 1794      00
 1795              	.LASF70:
 1796 013b 64617461 		.ascii	"database\000"
 1796      62617365 
ARM GAS  C:\Users\shara\AppData\Local\Temp\ccm1JDDf.s 			page 35


 1796      00
 1797              	.LASF45:
 1798 0144 56616C76 		.ascii	"Valve_freq\000"
 1798      655F6672 
 1798      657100
 1799              	.LASF65:
 1800 014f 72657175 		.ascii	"request_len\000"
 1800      6573745F 
 1800      6C656E00 
 1801              	.LASF31:
 1802 015b 65636E6F 		.ascii	"ecno\000"
 1802      00
 1803              	.LASF5:
 1804 0160 73686F72 		.ascii	"short int\000"
 1804      7420696E 
 1804      7400
 1805              	.LASF106:
 1806 016a 616C6172 		.ascii	"alarmAppLED\000"
 1806      6D417070 
 1806      4C454400 
 1807              	.LASF49:
 1808 0176 76616C75 		.ascii	"value\000"
 1808      6500
 1809              	.LASF93:
 1810 017c 76616C76 		.ascii	"valve_inbox\000"
 1810      655F696E 
 1810      626F7800 
 1811              	.LASF17:
 1812 0188 75696E74 		.ascii	"uint16\000"
 1812      313600
 1813              	.LASF117:
 1814 018f 696E666C 		.ascii	"influx.c\000"
 1814      75782E63 
 1814      00
 1815              	.LASF91:
 1816 0198 76616C76 		.ascii	"valve_type\000"
 1816      655F7479 
 1816      706500
 1817              	.LASF119:
 1818 01a3 636F6E73 		.ascii	"construct_influx_write_body\000"
 1818      74727563 
 1818      745F696E 
 1818      666C7578 
 1818      5F777269 
 1819              	.LASF83:
 1820 01bf 64617461 		.ascii	"dataPointsInStack\000"
 1820      506F696E 
 1820      7473496E 
 1820      53746163 
 1820      6B00
 1821              	.LASF16:
 1822 01d1 75696E74 		.ascii	"uint8\000"
 1822      3800
 1823              	.LASF57:
 1824 01d7 6D6F6465 		.ascii	"modem_info\000"
 1824      6D5F696E 
 1824      666F00
ARM GAS  C:\Users\shara\AppData\Local\Temp\ccm1JDDf.s 			page 36


 1825              	.LASF30:
 1826 01e2 72736370 		.ascii	"rscp\000"
 1826      00
 1827              	.LASF18:
 1828 01e7 696E7431 		.ascii	"int16\000"
 1828      3600
 1829              	.LASF50:
 1830 01ed 74696D65 		.ascii	"timeStamp\000"
 1830      5374616D 
 1830      7000
 1831              	.LASF114:
 1832 01f7 616C6172 		.ascii	"alarmAutosampler\000"
 1832      6D417574 
 1832      6F73616D 
 1832      706C6572 
 1832      00
 1833              	.LASF84:
 1834 0208 64617461 		.ascii	"dataPointsInStackDesired\000"
 1834      506F696E 
 1834      7473496E 
 1834      53746163 
 1834      6B446573 
 1835              	.LASF15:
 1836 0221 666C6F61 		.ascii	"float\000"
 1836      7400
 1837              	.LASF89:
 1838 0227 6C657665 		.ascii	"level_sensor_enabled\000"
 1838      6C5F7365 
 1838      6E736F72 
 1838      5F656E61 
 1838      626C6564 
 1839              	.LASF1:
 1840 023c 6C6F6E67 		.ascii	"long long int\000"
 1840      206C6F6E 
 1840      6720696E 
 1840      7400
 1841              	.LASF11:
 1842 024a 63686172 		.ascii	"char\000"
 1842      00
 1843              	.LASF23:
 1844 024f 72656173 		.ascii	"reason\000"
 1844      6F6E00
 1845              	.LASF7:
 1846 0256 6C6F6E67 		.ascii	"long int\000"
 1846      20696E74 
 1846      00
 1847              	.LASF82:
 1848 025f 62756666 		.ascii	"buffer_overflow\000"
 1848      65725F6F 
 1848      76657266 
 1848      6C6F7700 
 1849              	.LASF75:
 1850 026f 74657374 		.ascii	"test_write_body\000"
 1850      5F777269 
 1850      74655F62 
 1850      6F647900 
 1851              	.LASF101:
ARM GAS  C:\Users\shara\AppData\Local\Temp\ccm1JDDf.s 			page 37


 1852 027f 616C6172 		.ascii	"alarmMeasure\000"
 1852      6D4D6561 
 1852      73757265 
 1852      00
 1853              	.LASF63:
 1854 028c 626F6479 		.ascii	"body\000"
 1854      00
 1855              	.LASF115:
 1856 0291 74696D65 		.ascii	"timeToAutosampler\000"
 1856      546F4175 
 1856      746F7361 
 1856      6D706C65 
 1856      7200
 1857              	.LASF113:
 1858 02a3 74696D65 		.ascii	"timeToValve\000"
 1858      546F5661 
 1858      6C766500 
 1859              	.LASF66:
 1860 02af 726F7574 		.ascii	"route\000"
 1860      6500
 1861              	.LASF56:
 1862 02b5 616C6172 		.ascii	"alarm\000"
 1862      6D00
 1863              	.LASF39:
 1864 02bb 6D656173 		.ascii	"measure_time\000"
 1864      7572655F 
 1864      74696D65 
 1864      00
 1865              	.LASF43:
 1866 02c8 4C657665 		.ascii	"Level_Sensor_freq\000"
 1866      6C5F5365 
 1866      6E736F72 
 1866      5F667265 
 1866      7100
 1867              	.LASF103:
 1868 02da 616C6172 		.ascii	"alarmSync\000"
 1868      6D53796E 
 1868      6300
 1869              	.LASF2:
 1870 02e4 6C6F6E67 		.ascii	"long double\000"
 1870      20646F75 
 1870      626C6500 
 1871              	.LASF87:
 1872 02f0 6170705F 		.ascii	"app_led_inbox\000"
 1872      6C65645F 
 1872      696E626F 
 1872      7800
 1873              	.LASF111:
 1874 02fe 74696D65 		.ascii	"timeToDownstreamLevelSensor\000"
 1874      546F446F 
 1874      776E7374 
 1874      7265616D 
 1874      4C657665 
 1875              	.LASF4:
 1876 031a 756E7369 		.ascii	"unsigned char\000"
 1876      676E6564 
 1876      20636861 
ARM GAS  C:\Users\shara\AppData\Local\Temp\ccm1JDDf.s 			page 38


 1876      7200
 1877              	.LASF33:
 1878 0328 72737270 		.ascii	"rsrp\000"
 1878      00
 1879              	.LASF79:
 1880 032d 6D6F6465 		.ascii	"modem_start_time_stamp\000"
 1880      6D5F7374 
 1880      6172745F 
 1880      74696D65 
 1880      5F737461 
 1881              	.LASF78:
 1882 0344 6D6F6465 		.ascii	"modem_state\000"
 1882      6D5F7374 
 1882      61746500 
 1883              	.LASF3:
 1884 0350 7369676E 		.ascii	"signed char\000"
 1884      65642063 
 1884      68617200 
 1885              	.LASF44:
 1886 035c 446F776E 		.ascii	"Downstream_Level_Sensor_freq\000"
 1886      73747265 
 1886      616D5F4C 
 1886      6576656C 
 1886      5F53656E 
 1887              	.LASF9:
 1888 0379 6C6F6E67 		.ascii	"long long unsigned int\000"
 1888      206C6F6E 
 1888      6720756E 
 1888      7369676E 
 1888      65642069 
 1889              	.LASF100:
 1890 0390 73797374 		.ascii	"system_settings\000"
 1890      656D5F73 
 1890      65747469 
 1890      6E677300 
 1891              	.LASF58:
 1892 03a0 63686970 		.ascii	"chip_uniqueId\000"
 1892      5F756E69 
 1892      71756549 
 1892      6400
 1893              	.LASF0:
 1894 03ae 756E7369 		.ascii	"unsigned int\000"
 1894      676E6564 
 1894      20696E74 
 1894      00
 1895              	.LASF51:
 1896 03bb 6B65795F 		.ascii	"key_value_t\000"
 1896      76616C75 
 1896      655F7400 
 1897              	.LASF94:
 1898 03c7 6175746F 		.ascii	"autosampler_enabled\000"
 1898      73616D70 
 1898      6C65725F 
 1898      656E6162 
 1898      6C656400 
 1899              	.LASF40:
 1900 03db 73796E63 		.ascii	"sync_time\000"
ARM GAS  C:\Users\shara\AppData\Local\Temp\ccm1JDDf.s 			page 39


 1900      5F74696D 
 1900      6500
 1901              	.LASF80:
 1902 03e5 6D6F6465 		.ascii	"modem_stats\000"
 1902      6D5F7374 
 1902      61747300 
 1903              	.LASF102:
 1904 03f1 74696D65 		.ascii	"timeToMeasure\000"
 1904      546F4D65 
 1904      61737572 
 1904      6500
 1905              	.LASF48:
 1906 03ff 75706461 		.ascii	"updatable_parameters_t\000"
 1906      7461626C 
 1906      655F7061 
 1906      72616D65 
 1906      74657273 
 1907              	.LASF29:
 1908 0416 72786C65 		.ascii	"rxlev\000"
 1908      7600
 1909              	.LASF38:
 1910 041c 73696D5F 		.ascii	"sim_type\000"
 1910      74797065 
 1910      00
 1911              	.LASF59:
 1912 0425 7379735F 		.ascii	"sys_info_t\000"
 1912      696E666F 
 1912      5F7400
 1913              	.LASF68:
 1914 0430 75736572 		.ascii	"user\000"
 1914      00
 1915              	.LASF6:
 1916 0435 73686F72 		.ascii	"short unsigned int\000"
 1916      7420756E 
 1916      7369676E 
 1916      65642069 
 1916      6E7400
 1917              	.LASF34:
 1918 0448 74696D65 		.ascii	"time_to_network_connect\000"
 1918      5F746F5F 
 1918      6E657477 
 1918      6F726B5F 
 1918      636F6E6E 
 1919              	.LASF22:
 1920 0460 73746174 		.ascii	"status\000"
 1920      757300
 1921              	.LASF69:
 1922 0467 70617373 		.ascii	"pass\000"
 1922      00
 1923              	.LASF88:
 1924 046c 6C657665 		.ascii	"level_sensor_inbox\000"
 1924      6C5F7365 
 1924      6E736F72 
 1924      5F696E62 
 1924      6F7800
 1925              	.LASF90:
 1926 047f 76616C76 		.ascii	"valve_diameter\000"
ARM GAS  C:\Users\shara\AppData\Local\Temp\ccm1JDDf.s 			page 40


 1926      655F6469 
 1926      616D6574 
 1926      657200
 1927              	.LASF99:
 1928 048e 73797374 		.ascii	"system_info\000"
 1928      656D5F69 
 1928      6E666F00 
 1929              	.LASF35:
 1930 049a 74696D65 		.ascii	"time_to_acquire_ip\000"
 1930      5F746F5F 
 1930      61637175 
 1930      6972655F 
 1930      697000
 1931              	.LASF24:
 1932 04ad 74657374 		.ascii	"test_t\000"
 1932      5F7400
 1933              	.LASF27:
 1934 04b4 696D6569 		.ascii	"imei\000"
 1934      00
 1935              	.LASF13:
 1936 04b9 696E7433 		.ascii	"int32_t\000"
 1936      325F7400 
 1937              	.LASF36:
 1938 04c1 6D6F6465 		.ascii	"modem_stats_t\000"
 1938      6D5F7374 
 1938      6174735F 
 1938      7400
 1939              	.LASF47:
 1940 04cf 5F426F6F 		.ascii	"_Bool\000"
 1940      6C00
 1941              	.LASF105:
 1942 04d5 74696D65 		.ascii	"timeToSycnRemoteParams\000"
 1942      546F5379 
 1942      636E5265 
 1942      6D6F7465 
 1942      50617261 
 1943              	.LASF73:
 1944 04ec 74657374 		.ascii	"test\000"
 1944      00
 1945              	.LASF112:
 1946 04f1 616C6172 		.ascii	"alarmValve\000"
 1946      6D56616C 
 1946      766500
 1947              	.LASF98:
 1948 04fc 68747470 		.ascii	"http_route\000"
 1948      5F726F75 
 1948      746500
 1949              	.LASF8:
 1950 0507 6C6F6E67 		.ascii	"long unsigned int\000"
 1950      20756E73 
 1950      69676E65 
 1950      6420696E 
 1950      7400
 1951              	.LASF19:
 1952 0519 696E7433 		.ascii	"int32\000"
 1952      3200
 1953              	.LASF14:
ARM GAS  C:\Users\shara\AppData\Local\Temp\ccm1JDDf.s 			page 41


 1954 051f 646F7562 		.ascii	"double\000"
 1954      6C6500
 1955              	.LASF77:
 1956 0526 49544D5F 		.ascii	"ITM_RxBuffer\000"
 1956      52784275 
 1956      66666572 
 1956      00
 1957              	.LASF108:
 1958 0533 616C6172 		.ascii	"alarmLevelSensor\000"
 1958      6D4C6576 
 1958      656C5365 
 1958      6E736F72 
 1958      00
 1959              	.LASF41:
 1960 0544 64656275 		.ascii	"debug_level\000"
 1960      675F6C65 
 1960      76656C00 
 1961              	.LASF28:
 1962 0550 6D6F6465 		.ascii	"modem_info_t\000"
 1962      6D5F696E 
 1962      666F5F74 
 1962      00
 1963              	.LASF54:
 1964 055d 636F756E 		.ascii	"countDownType\000"
 1964      74446F77 
 1964      6E547970 
 1964      6500
 1965              	.LASF76:
 1966 056b 636F6D70 		.ascii	"compare\000"
 1966      61726500 
 1967              	.LASF12:
 1968 0573 5F5F696E 		.ascii	"__int32_t\000"
 1968      7433325F 
 1968      7400
 1969              	.LASF71:
 1970 057d 636F6E73 		.ascii	"construct_influx_route\000"
 1970      74727563 
 1970      745F696E 
 1970      666C7578 
 1970      5F726F75 
 1971              	.LASF107:
 1972 0594 74696D65 		.ascii	"timeToAppLED\000"
 1972      546F4170 
 1972      704C4544 
 1972      00
 1973              	.LASF64:
 1974 05a1 6E6F6465 		.ascii	"node_id\000"
 1974      5F696400 
 1975              	.LASF21:
 1976 05a9 74657374 		.ascii	"test_name\000"
 1976      5F6E616D 
 1976      6500
 1977              	.LASF46:
 1978 05b3 4175746F 		.ascii	"Autosampler_freq\000"
 1978      73616D70 
 1978      6C65725F 
 1978      66726571 
ARM GAS  C:\Users\shara\AppData\Local\Temp\ccm1JDDf.s 			page 42


 1978      00
 1979              	.LASF109:
 1980 05c4 74696D65 		.ascii	"timeToLevelSensor\000"
 1980      546F4C65 
 1980      76656C53 
 1980      656E736F 
 1980      7200
 1981              	.LASF118:
 1982 05d6 443A5C44 		.ascii	"D:\\Data\\Stormwater-RA\\notoriOS-og\\notoriOS.cyds"
 1982      6174615C 
 1982      53746F72 
 1982      6D776174 
 1982      65722D52 
 1983 0605 6E00     		.ascii	"n\000"
 1984              	.LASF55:
 1985 0607 636F756E 		.ascii	"countDownResetCondition\000"
 1985      74446F77 
 1985      6E526573 
 1985      6574436F 
 1985      6E646974 
 1986              	.LASF81:
 1987 061f 75706461 		.ascii	"updatable_parameters\000"
 1987      7461626C 
 1987      655F7061 
 1987      72616D65 
 1987      74657273 
 1988              	.LASF61:
 1989 0634 65705F70 		.ascii	"ep_port\000"
 1989      6F727400 
 1990              	.LASF67:
 1991 063c 62617365 		.ascii	"base\000"
 1991      00
 1992              	.LASF97:
 1993 0641 68747470 		.ascii	"http_body\000"
 1993      5F626F64 
 1993      7900
 1994              	.LASF95:
 1995 064b 6175746F 		.ascii	"autosampler_inbox\000"
 1995      73616D70 
 1995      6C65725F 
 1995      696E626F 
 1995      7800
 1996              	.LASF37:
 1997 065d 6E6F6465 		.ascii	"node_type\000"
 1997      5F747970 
 1997      6500
 1998              	.LASF86:
 1999 0667 4170705F 		.ascii	"App_LED_enabled\000"
 1999      4C45445F 
 1999      656E6162 
 1999      6C656400 
 2000              	.LASF72:
 2001 0677 696E666C 		.ascii	"influx_test\000"
 2001      75785F74 
 2001      65737400 
 2002              	.LASF96:
 2003 0683 68747470 		.ascii	"http_request\000"
ARM GAS  C:\Users\shara\AppData\Local\Temp\ccm1JDDf.s 			page 43


 2003      5F726571 
 2003      75657374 
 2003      00
 2004              	.LASF104:
 2005 0690 74696D65 		.ascii	"timeToSync\000"
 2005      546F5379 
 2005      6E6300
 2006              		.ident	"GCC: (GNU Tools for ARM Embedded Processors) 5.4.1 20160609 (release) [ARM/embedded-5-bran
