ARM GAS  C:\Users\shara\AppData\Local\Temp\ccRKt589.s 			page 1


   1              		.syntax unified
   2              		.cpu cortex-m3
   3              		.fpu softvfp
   4              		.eabi_attribute 20, 1
   5              		.eabi_attribute 21, 1
   6              		.eabi_attribute 23, 3
   7              		.eabi_attribute 24, 1
   8              		.eabi_attribute 25, 1
   9              		.eabi_attribute 26, 1
  10              		.eabi_attribute 30, 6
  11              		.eabi_attribute 34, 1
  12              		.eabi_attribute 18, 4
  13              		.thumb
  14              		.syntax unified
  15              		.file	"main.c"
  16              		.text
  17              	.Ltext0:
  18              		.cfi_sections	.debug_frame
  19              		.comm	buffer_overflow,1,1
  20              		.comm	dataPointsInStack,2,2
  21              		.comm	dataPointsInStackDesired,2,2
  22              		.comm	data,6600,4
  23              		.comm	modem_state,1,1
  24              		.comm	modem_start_time_stamp,4,4
  25              		.comm	modem_info,60,4
  26              		.comm	modem_stats,32,4
  27              		.comm	updatable_parameters,10,4
  28              		.syntax unified
  29              		.global _printf_float
  30              		.thumb
  31              		.syntax unified
  32              		.comm	App_LED_enabled,1,1
  33              		.comm	app_led_inbox,100,4
  34              		.comm	level_sensor_inbox,100,4
  35              		.comm	level_sensor_enabled,1,1
  36              		.comm	valve_diameter,4,4
  37              		.comm	valve_type,10,4
  38              		.comm	valve_enabled,1,1
  39              		.comm	valve_inbox,100,4
  40              		.comm	autosampler_enabled,1,1
  41              		.comm	autosampler_inbox,100,4
  42              		.comm	http_request,10000,4
  43              		.comm	http_body,10000,4
  44              		.comm	http_route,200,4
  45              		.comm	system_info,28,4
  46              		.comm	system_settings,104,4
  47              		.comm	alarmMeasure,6,4
  48              		.comm	timeToMeasure,1,1
  49              		.comm	alarmSync,6,4
  50              		.comm	timeToSync,1,1
  51              		.comm	timeToSycnRemoteParams,1,1
  52              		.comm	hey,1,1
  53              		.comm	alarmAppLED,6,4
  54              		.comm	timeToAppLED,1,1
  55              		.comm	alarmLevelSensor,6,4
  56              		.comm	timeToLevelSensor,1,1
  57              		.comm	alarmDownstreamLevelSensor,6,4
ARM GAS  C:\Users\shara\AppData\Local\Temp\ccRKt589.s 			page 2


  58              		.comm	timeToDownstreamLevelSensor,1,1
  59              		.comm	alarmValve,6,4
  60              		.comm	timeToValve,1,1
  61              		.comm	alarmAutosampler,6,4
  62              		.comm	timeToAutosampler,1,1
  63              	.Letext0:
  64              		.file 1 "c:\\program files (x86)\\cypress\\psoc creator\\4.4\\psoc creator\\import\\gnu\\arm\\5.4.
  65              		.file 2 "c:\\program files (x86)\\cypress\\psoc creator\\4.4\\psoc creator\\import\\gnu\\arm\\5.4.
  66              		.file 3 "Generated_Source\\PSoC5/cytypes.h"
  67              		.file 4 "data.h"
  68              		.file 5 "modem.h"
  69              		.file 6 "notoriOS.h"
  70              		.file 7 "Generated_Source\\PSoC5/core_cm3.h"
  71              		.file 8 "App_LED.h"
  72              		.file 9 "level_sensor.h"
  73              		.file 10 "valve.h"
  74              		.file 11 "autosampler.h"
  75              		.section	.debug_info,"",%progbits
  76              	.Ldebug_info0:
  77 0000 1D060000 		.4byte	0x61d
  78 0004 0400     		.2byte	0x4
  79 0006 00000000 		.4byte	.Ldebug_abbrev0
  80 000a 04       		.byte	0x4
  81 000b 01       		.uleb128 0x1
  82 000c 7A000000 		.4byte	.LASF98
  83 0010 0C       		.byte	0xc
  84 0011 7E040000 		.4byte	.LASF99
  85 0015 23050000 		.4byte	.LASF100
  86 0019 00000000 		.4byte	.Ldebug_line0
  87 001d 02       		.uleb128 0x2
  88 001e 01       		.byte	0x1
  89 001f 06       		.byte	0x6
  90 0020 ED020000 		.4byte	.LASF0
  91 0024 02       		.uleb128 0x2
  92 0025 01       		.byte	0x1
  93 0026 08       		.byte	0x8
  94 0027 B7020000 		.4byte	.LASF1
  95 002b 02       		.uleb128 0x2
  96 002c 02       		.byte	0x2
  97 002d 05       		.byte	0x5
  98 002e 5A000000 		.4byte	.LASF2
  99 0032 02       		.uleb128 0x2
 100 0033 02       		.byte	0x2
 101 0034 07       		.byte	0x7
 102 0035 BF030000 		.4byte	.LASF3
 103 0039 03       		.uleb128 0x3
 104 003a E9040000 		.4byte	.LASF9
 105 003e 01       		.byte	0x1
 106 003f 3F       		.byte	0x3f
 107 0040 44000000 		.4byte	0x44
 108 0044 02       		.uleb128 0x2
 109 0045 04       		.byte	0x4
 110 0046 05       		.byte	0x5
 111 0047 0F020000 		.4byte	.LASF4
 112 004b 02       		.uleb128 0x2
 113 004c 04       		.byte	0x4
 114 004d 07       		.byte	0x7
ARM GAS  C:\Users\shara\AppData\Local\Temp\ccRKt589.s 			page 3


 115 004e 85040000 		.4byte	.LASF5
 116 0052 02       		.uleb128 0x2
 117 0053 08       		.byte	0x8
 118 0054 05       		.byte	0x5
 119 0055 FC010000 		.4byte	.LASF6
 120 0059 02       		.uleb128 0x2
 121 005a 08       		.byte	0x8
 122 005b 07       		.byte	0x7
 123 005c 16030000 		.4byte	.LASF7
 124 0060 04       		.uleb128 0x4
 125 0061 04       		.byte	0x4
 126 0062 05       		.byte	0x5
 127 0063 696E7400 		.ascii	"int\000"
 128 0067 02       		.uleb128 0x2
 129 0068 04       		.byte	0x4
 130 0069 07       		.byte	0x7
 131 006a 3D030000 		.4byte	.LASF8
 132 006e 03       		.uleb128 0x3
 133 006f 30040000 		.4byte	.LASF10
 134 0073 02       		.byte	0x2
 135 0074 2C       		.byte	0x2c
 136 0075 39000000 		.4byte	0x39
 137 0079 05       		.uleb128 0x5
 138 007a 90010000 		.4byte	.LASF11
 139 007e 03       		.byte	0x3
 140 007f 9201     		.2byte	0x192
 141 0081 24000000 		.4byte	0x24
 142 0085 05       		.uleb128 0x5
 143 0086 51010000 		.4byte	.LASF12
 144 008a 03       		.byte	0x3
 145 008b 9301     		.2byte	0x193
 146 008d 32000000 		.4byte	0x32
 147 0091 05       		.uleb128 0x5
 148 0092 A7010000 		.4byte	.LASF13
 149 0096 03       		.byte	0x3
 150 0097 9601     		.2byte	0x196
 151 0099 2B000000 		.4byte	0x2b
 152 009d 05       		.uleb128 0x5
 153 009e 97040000 		.4byte	.LASF14
 154 00a2 03       		.byte	0x3
 155 00a3 9701     		.2byte	0x197
 156 00a5 44000000 		.4byte	0x44
 157 00a9 05       		.uleb128 0x5
 158 00aa 2D000000 		.4byte	.LASF15
 159 00ae 03       		.byte	0x3
 160 00af 9801     		.2byte	0x198
 161 00b1 B5000000 		.4byte	0xb5
 162 00b5 02       		.uleb128 0x2
 163 00b6 04       		.byte	0x4
 164 00b7 04       		.byte	0x4
 165 00b8 E1010000 		.4byte	.LASF16
 166 00bc 02       		.uleb128 0x2
 167 00bd 08       		.byte	0x8
 168 00be 04       		.byte	0x4
 169 00bf 9D040000 		.4byte	.LASF17
 170 00c3 02       		.uleb128 0x2
 171 00c4 01       		.byte	0x1
ARM GAS  C:\Users\shara\AppData\Local\Temp\ccRKt589.s 			page 4


 172 00c5 08       		.byte	0x8
 173 00c6 0A020000 		.4byte	.LASF18
 174 00ca 02       		.uleb128 0x2
 175 00cb 08       		.byte	0x8
 176 00cc 04       		.byte	0x4
 177 00cd 81020000 		.4byte	.LASF19
 178 00d1 02       		.uleb128 0x2
 179 00d2 04       		.byte	0x4
 180 00d3 07       		.byte	0x7
 181 00d4 64000000 		.4byte	.LASF20
 182 00d8 06       		.uleb128 0x6
 183 00d9 C3000000 		.4byte	0xc3
 184 00dd E8000000 		.4byte	0xe8
 185 00e1 07       		.uleb128 0x7
 186 00e2 D1000000 		.4byte	0xd1
 187 00e6 17       		.byte	0x17
 188 00e7 00       		.byte	0
 189 00e8 08       		.uleb128 0x8
 190 00e9 2C       		.byte	0x2c
 191 00ea 04       		.byte	0x4
 192 00eb 14       		.byte	0x14
 193 00ec 15010000 		.4byte	0x115
 194 00f0 09       		.uleb128 0x9
 195 00f1 6B657900 		.ascii	"key\000"
 196 00f5 04       		.byte	0x4
 197 00f6 15       		.byte	0x15
 198 00f7 15010000 		.4byte	0x115
 199 00fb 00       		.byte	0
 200 00fc 0A       		.uleb128 0xa
 201 00fd 3F010000 		.4byte	.LASF21
 202 0101 04       		.byte	0x4
 203 0102 16       		.byte	0x16
 204 0103 15010000 		.4byte	0x115
 205 0107 14       		.byte	0x14
 206 0108 0A       		.uleb128 0xa
 207 0109 AD010000 		.4byte	.LASF22
 208 010d 04       		.byte	0x4
 209 010e 17       		.byte	0x17
 210 010f 9D000000 		.4byte	0x9d
 211 0113 28       		.byte	0x28
 212 0114 00       		.byte	0
 213 0115 06       		.uleb128 0x6
 214 0116 C3000000 		.4byte	0xc3
 215 011a 25010000 		.4byte	0x125
 216 011e 07       		.uleb128 0x7
 217 011f D1000000 		.4byte	0xd1
 218 0123 13       		.byte	0x13
 219 0124 00       		.byte	0
 220 0125 03       		.uleb128 0x3
 221 0126 4A030000 		.4byte	.LASF23
 222 012a 04       		.byte	0x4
 223 012b 19       		.byte	0x19
 224 012c E8000000 		.4byte	0xe8
 225 0130 08       		.uleb128 0x8
 226 0131 3C       		.byte	0x3c
 227 0132 05       		.byte	0x5
 228 0133 36       		.byte	0x36
ARM GAS  C:\Users\shara\AppData\Local\Temp\ccRKt589.s 			page 5


 229 0134 5D010000 		.4byte	0x15d
 230 0138 0A       		.uleb128 0xa
 231 0139 17000000 		.4byte	.LASF24
 232 013d 05       		.byte	0x5
 233 013e 37       		.byte	0x37
 234 013f 15010000 		.4byte	0x115
 235 0143 00       		.byte	0
 236 0144 0A       		.uleb128 0xa
 237 0145 0E000000 		.4byte	.LASF25
 238 0149 05       		.byte	0x5
 239 014a 38       		.byte	0x38
 240 014b 15010000 		.4byte	0x115
 241 014f 14       		.byte	0x14
 242 0150 0A       		.uleb128 0xa
 243 0151 2B040000 		.4byte	.LASF26
 244 0155 05       		.byte	0x5
 245 0156 39       		.byte	0x39
 246 0157 15010000 		.4byte	0x115
 247 015b 28       		.byte	0x28
 248 015c 00       		.byte	0
 249 015d 03       		.uleb128 0x3
 250 015e CE040000 		.4byte	.LASF27
 251 0162 05       		.byte	0x5
 252 0163 3B       		.byte	0x3b
 253 0164 30010000 		.4byte	0x130
 254 0168 08       		.uleb128 0x8
 255 0169 20       		.byte	0x20
 256 016a 05       		.byte	0x5
 257 016b 3D       		.byte	0x3d
 258 016c D1010000 		.4byte	0x1d1
 259 0170 0A       		.uleb128 0xa
 260 0171 A5030000 		.4byte	.LASF28
 261 0175 05       		.byte	0x5
 262 0176 3E       		.byte	0x3e
 263 0177 60000000 		.4byte	0x60
 264 017b 00       		.byte	0
 265 017c 09       		.uleb128 0x9
 266 017d 62657200 		.ascii	"ber\000"
 267 0181 05       		.byte	0x5
 268 0182 3F       		.byte	0x3f
 269 0183 60000000 		.4byte	0x60
 270 0187 04       		.byte	0x4
 271 0188 0A       		.uleb128 0xa
 272 0189 A2010000 		.4byte	.LASF29
 273 018d 05       		.byte	0x5
 274 018e 40       		.byte	0x40
 275 018f 60000000 		.4byte	0x60
 276 0193 08       		.byte	0x8
 277 0194 0A       		.uleb128 0xa
 278 0195 2E010000 		.4byte	.LASF30
 279 0199 05       		.byte	0x5
 280 019a 41       		.byte	0x41
 281 019b 60000000 		.4byte	0x60
 282 019f 0C       		.byte	0xc
 283 01a0 0A       		.uleb128 0xa
 284 01a1 75000000 		.4byte	.LASF31
 285 01a5 05       		.byte	0x5
ARM GAS  C:\Users\shara\AppData\Local\Temp\ccRKt589.s 			page 6


 286 01a6 42       		.byte	0x42
 287 01a7 60000000 		.4byte	0x60
 288 01ab 10       		.byte	0x10
 289 01ac 0A       		.uleb128 0xa
 290 01ad C5020000 		.4byte	.LASF32
 291 01b1 05       		.byte	0x5
 292 01b2 43       		.byte	0x43
 293 01b3 60000000 		.4byte	0x60
 294 01b7 14       		.byte	0x14
 295 01b8 0A       		.uleb128 0xa
 296 01b9 D2030000 		.4byte	.LASF33
 297 01bd 05       		.byte	0x5
 298 01be 44       		.byte	0x44
 299 01bf 60000000 		.4byte	0x60
 300 01c3 18       		.byte	0x18
 301 01c4 0A       		.uleb128 0xa
 302 01c5 18040000 		.4byte	.LASF34
 303 01c9 05       		.byte	0x5
 304 01ca 45       		.byte	0x45
 305 01cb 60000000 		.4byte	0x60
 306 01cf 1C       		.byte	0x1c
 307 01d0 00       		.byte	0
 308 01d1 03       		.uleb128 0x3
 309 01d2 38040000 		.4byte	.LASF35
 310 01d6 05       		.byte	0x5
 311 01d7 47       		.byte	0x47
 312 01d8 68010000 		.4byte	0x168
 313 01dc 08       		.uleb128 0x8
 314 01dd 0A       		.byte	0xa
 315 01de 05       		.byte	0x5
 316 01df 53       		.byte	0x53
 317 01e0 5D020000 		.4byte	0x25d
 318 01e4 0A       		.uleb128 0xa
 319 01e5 A5050000 		.4byte	.LASF36
 320 01e9 05       		.byte	0x5
 321 01ea 55       		.byte	0x55
 322 01eb 79000000 		.4byte	0x79
 323 01ef 00       		.byte	0
 324 01f0 0A       		.uleb128 0xa
 325 01f1 AB030000 		.4byte	.LASF37
 326 01f5 05       		.byte	0x5
 327 01f6 57       		.byte	0x57
 328 01f7 5D020000 		.4byte	0x25d
 329 01fb 01       		.byte	0x1
 330 01fc 0A       		.uleb128 0xa
 331 01fd 58020000 		.4byte	.LASF38
 332 0201 05       		.byte	0x5
 333 0202 59       		.byte	0x59
 334 0203 79000000 		.4byte	0x79
 335 0207 02       		.byte	0x2
 336 0208 0A       		.uleb128 0xa
 337 0209 6A030000 		.4byte	.LASF39
 338 020d 05       		.byte	0x5
 339 020e 5B       		.byte	0x5b
 340 020f 79000000 		.4byte	0x79
 341 0213 03       		.byte	0x3
 342 0214 0A       		.uleb128 0xa
ARM GAS  C:\Users\shara\AppData\Local\Temp\ccRKt589.s 			page 7


 343 0215 C2040000 		.4byte	.LASF40
 344 0219 05       		.byte	0x5
 345 021a 5E       		.byte	0x5e
 346 021b 79000000 		.4byte	0x79
 347 021f 04       		.byte	0x4
 348 0220 0A       		.uleb128 0xa
 349 0221 08010000 		.4byte	.LASF41
 350 0225 05       		.byte	0x5
 351 0226 63       		.byte	0x63
 352 0227 79000000 		.4byte	0x79
 353 022b 05       		.byte	0x5
 354 022c 0A       		.uleb128 0xa
 355 022d 65020000 		.4byte	.LASF42
 356 0231 05       		.byte	0x5
 357 0232 65       		.byte	0x65
 358 0233 79000000 		.4byte	0x79
 359 0237 06       		.byte	0x6
 360 0238 0A       		.uleb128 0xa
 361 0239 F9020000 		.4byte	.LASF43
 362 023d 05       		.byte	0x5
 363 023e 66       		.byte	0x66
 364 023f 79000000 		.4byte	0x79
 365 0243 07       		.byte	0x7
 366 0244 0A       		.uleb128 0xa
 367 0245 15010000 		.4byte	.LASF44
 368 0249 05       		.byte	0x5
 369 024a 67       		.byte	0x67
 370 024b 79000000 		.4byte	0x79
 371 024f 08       		.byte	0x8
 372 0250 0A       		.uleb128 0xa
 373 0251 00050000 		.4byte	.LASF45
 374 0255 05       		.byte	0x5
 375 0256 68       		.byte	0x68
 376 0257 79000000 		.4byte	0x79
 377 025b 09       		.byte	0x9
 378 025c 00       		.byte	0
 379 025d 02       		.uleb128 0x2
 380 025e 01       		.byte	0x1
 381 025f 02       		.byte	0x2
 382 0260 46040000 		.4byte	.LASF46
 383 0264 03       		.uleb128 0x3
 384 0265 8E030000 		.4byte	.LASF47
 385 0269 05       		.byte	0x5
 386 026a 6E       		.byte	0x6e
 387 026b DC010000 		.4byte	0x1dc
 388 026f 08       		.uleb128 0x8
 389 0270 06       		.byte	0x6
 390 0271 06       		.byte	0x6
 391 0272 35       		.byte	0x35
 392 0273 A8020000 		.4byte	0x2a8
 393 0277 0A       		.uleb128 0xa
 394 0278 4B000000 		.4byte	.LASF48
 395 027c 06       		.byte	0x6
 396 027d 37       		.byte	0x37
 397 027e 85000000 		.4byte	0x85
 398 0282 00       		.byte	0
 399 0283 0A       		.uleb128 0xa
ARM GAS  C:\Users\shara\AppData\Local\Temp\ccRKt589.s 			page 8


 400 0284 35000000 		.4byte	.LASF49
 401 0288 06       		.byte	0x6
 402 0289 38       		.byte	0x38
 403 028a 91000000 		.4byte	0x91
 404 028e 02       		.byte	0x2
 405 028f 0A       		.uleb128 0xa
 406 0290 DB040000 		.4byte	.LASF50
 407 0294 06       		.byte	0x6
 408 0295 39       		.byte	0x39
 409 0296 79000000 		.4byte	0x79
 410 029a 04       		.byte	0x4
 411 029b 0A       		.uleb128 0xa
 412 029c 54050000 		.4byte	.LASF51
 413 02a0 06       		.byte	0x6
 414 02a1 3A       		.byte	0x3a
 415 02a2 79000000 		.4byte	0x79
 416 02a6 05       		.byte	0x5
 417 02a7 00       		.byte	0
 418 02a8 03       		.uleb128 0x3
 419 02a9 52020000 		.4byte	.LASF52
 420 02ad 06       		.byte	0x6
 421 02ae 3D       		.byte	0x3d
 422 02af B3020000 		.4byte	0x2b3
 423 02b3 0B       		.uleb128 0xb
 424 02b4 6F020000 		.4byte	0x26f
 425 02b8 08       		.uleb128 0x8
 426 02b9 1C       		.byte	0x1c
 427 02ba 06       		.byte	0x6
 428 02bb 40       		.byte	0x40
 429 02bc D9020000 		.4byte	0x2d9
 430 02c0 0A       		.uleb128 0xa
 431 02c1 28020000 		.4byte	.LASF53
 432 02c5 06       		.byte	0x6
 433 02c6 42       		.byte	0x42
 434 02c7 D9020000 		.4byte	0x2d9
 435 02cb 00       		.byte	0
 436 02cc 0A       		.uleb128 0xa
 437 02cd 20010000 		.4byte	.LASF54
 438 02d1 06       		.byte	0x6
 439 02d2 43       		.byte	0x43
 440 02d3 D8000000 		.4byte	0xd8
 441 02d7 04       		.byte	0x4
 442 02d8 00       		.byte	0
 443 02d9 0C       		.uleb128 0xc
 444 02da 04       		.byte	0x4
 445 02db 5D010000 		.4byte	0x15d
 446 02df 03       		.uleb128 0x3
 447 02e0 B4030000 		.4byte	.LASF55
 448 02e4 06       		.byte	0x6
 449 02e5 45       		.byte	0x45
 450 02e6 B8020000 		.4byte	0x2b8
 451 02ea 08       		.uleb128 0x8
 452 02eb 68       		.byte	0x68
 453 02ec 06       		.byte	0x6
 454 02ed 4B       		.byte	0x4b
 455 02ee 0B030000 		.4byte	0x30b
 456 02f2 0A       		.uleb128 0xa
ARM GAS  C:\Users\shara\AppData\Local\Temp\ccRKt589.s 			page 9


 457 02f3 6D000000 		.4byte	.LASF56
 458 02f7 06       		.byte	0x6
 459 02f8 50       		.byte	0x50
 460 02f9 0B030000 		.4byte	0x30b
 461 02fd 00       		.byte	0
 462 02fe 0A       		.uleb128 0xa
 463 02ff 81050000 		.4byte	.LASF57
 464 0303 06       		.byte	0x6
 465 0304 51       		.byte	0x51
 466 0305 60000000 		.4byte	0x60
 467 0309 64       		.byte	0x64
 468 030a 00       		.byte	0
 469 030b 06       		.uleb128 0x6
 470 030c C3000000 		.4byte	0xc3
 471 0310 1B030000 		.4byte	0x31b
 472 0314 07       		.uleb128 0x7
 473 0315 D1000000 		.4byte	0xd1
 474 0319 63       		.byte	0x63
 475 031a 00       		.byte	0
 476 031b 03       		.uleb128 0x3
 477 031c 1E000000 		.4byte	.LASF58
 478 0320 06       		.byte	0x6
 479 0321 57       		.byte	0x57
 480 0322 EA020000 		.4byte	0x2ea
 481 0326 0D       		.uleb128 0xd
 482 0327 A4040000 		.4byte	.LASF59
 483 032b 07       		.byte	0x7
 484 032c 1207     		.2byte	0x712
 485 032e 32030000 		.4byte	0x332
 486 0332 0B       		.uleb128 0xb
 487 0333 6E000000 		.4byte	0x6e
 488 0337 0E       		.uleb128 0xe
 489 0338 18020000 		.4byte	.LASF60
 490 033c 04       		.byte	0x4
 491 033d 11       		.byte	0x11
 492 033e 5D020000 		.4byte	0x25d
 493 0342 05       		.uleb128 0x5
 494 0343 03       		.byte	0x3
 495 0344 00000000 		.4byte	buffer_overflow
 496 0348 0E       		.uleb128 0xe
 497 0349 7E010000 		.4byte	.LASF61
 498 034d 04       		.byte	0x4
 499 034e 22       		.byte	0x22
 500 034f 85000000 		.4byte	0x85
 501 0353 05       		.uleb128 0x5
 502 0354 03       		.byte	0x3
 503 0355 00000000 		.4byte	dataPointsInStack
 504 0359 0E       		.uleb128 0xe
 505 035a C8010000 		.4byte	.LASF62
 506 035e 04       		.byte	0x4
 507 035f 23       		.byte	0x23
 508 0360 85000000 		.4byte	0x85
 509 0364 05       		.uleb128 0x5
 510 0365 03       		.byte	0x3
 511 0366 00000000 		.4byte	dataPointsInStackDesired
 512 036a 06       		.uleb128 0x6
 513 036b 25010000 		.4byte	0x125
ARM GAS  C:\Users\shara\AppData\Local\Temp\ccRKt589.s 			page 10


 514 036f 7A030000 		.4byte	0x37a
 515 0373 07       		.uleb128 0x7
 516 0374 D1000000 		.4byte	0xd1
 517 0378 95       		.byte	0x95
 518 0379 00       		.byte	0
 519 037a 0E       		.uleb128 0xe
 520 037b 63040000 		.4byte	.LASF63
 521 037f 04       		.byte	0x4
 522 0380 24       		.byte	0x24
 523 0381 6A030000 		.4byte	0x36a
 524 0385 05       		.uleb128 0x5
 525 0386 03       		.byte	0x3
 526 0387 00000000 		.4byte	data
 527 038b 0E       		.uleb128 0xe
 528 038c E1020000 		.4byte	.LASF64
 529 0390 05       		.byte	0x5
 530 0391 20       		.byte	0x20
 531 0392 79000000 		.4byte	0x79
 532 0396 05       		.uleb128 0x5
 533 0397 03       		.byte	0x3
 534 0398 00000000 		.4byte	modem_state
 535 039c 0E       		.uleb128 0xe
 536 039d CA020000 		.4byte	.LASF65
 537 03a1 05       		.byte	0x5
 538 03a2 71       		.byte	0x71
 539 03a3 9D000000 		.4byte	0x9d
 540 03a7 05       		.uleb128 0x5
 541 03a8 03       		.byte	0x3
 542 03a9 00000000 		.4byte	modem_start_time_stamp
 543 03ad 0E       		.uleb128 0xe
 544 03ae 28020000 		.4byte	.LASF53
 545 03b2 05       		.byte	0x5
 546 03b3 72       		.byte	0x72
 547 03b4 5D010000 		.4byte	0x15d
 548 03b8 05       		.uleb128 0x5
 549 03b9 03       		.byte	0x3
 550 03ba 00000000 		.4byte	modem_info
 551 03be 0E       		.uleb128 0xe
 552 03bf 74030000 		.4byte	.LASF66
 553 03c3 05       		.byte	0x5
 554 03c4 73       		.byte	0x73
 555 03c5 D1010000 		.4byte	0x1d1
 556 03c9 05       		.uleb128 0x5
 557 03ca 03       		.byte	0x3
 558 03cb 00000000 		.4byte	modem_stats
 559 03cf 0E       		.uleb128 0xe
 560 03d0 6C050000 		.4byte	.LASF67
 561 03d4 05       		.byte	0x5
 562 03d5 74       		.byte	0x74
 563 03d6 64020000 		.4byte	0x264
 564 03da 05       		.uleb128 0x5
 565 03db 03       		.byte	0x3
 566 03dc 00000000 		.4byte	updatable_parameters
 567 03e0 0E       		.uleb128 0xe
 568 03e1 AF050000 		.4byte	.LASF68
 569 03e5 08       		.byte	0x8
 570 03e6 07       		.byte	0x7
ARM GAS  C:\Users\shara\AppData\Local\Temp\ccRKt589.s 			page 11


 571 03e7 79000000 		.4byte	0x79
 572 03eb 05       		.uleb128 0x5
 573 03ec 03       		.byte	0x3
 574 03ed 00000000 		.4byte	App_LED_enabled
 575 03f1 0E       		.uleb128 0xe
 576 03f2 8D020000 		.4byte	.LASF69
 577 03f6 08       		.byte	0x8
 578 03f7 08       		.byte	0x8
 579 03f8 0B030000 		.4byte	0x30b
 580 03fc 05       		.uleb128 0x5
 581 03fd 03       		.byte	0x3
 582 03fe 00000000 		.4byte	app_led_inbox
 583 0402 0E       		.uleb128 0xe
 584 0403 EA030000 		.4byte	.LASF70
 585 0407 09       		.byte	0x9
 586 0408 25       		.byte	0x25
 587 0409 0B030000 		.4byte	0x30b
 588 040d 05       		.uleb128 0x5
 589 040e 03       		.byte	0x3
 590 040f 00000000 		.4byte	level_sensor_inbox
 591 0413 0E       		.uleb128 0xe
 592 0414 E7010000 		.4byte	.LASF71
 593 0418 09       		.byte	0x9
 594 0419 27       		.byte	0x27
 595 041a 5D020000 		.4byte	0x25d
 596 041e 05       		.uleb128 0x5
 597 041f 03       		.byte	0x3
 598 0420 00000000 		.4byte	level_sensor_enabled
 599 0424 0E       		.uleb128 0xe
 600 0425 FD030000 		.4byte	.LASF72
 601 0429 0A       		.byte	0xa
 602 042a 2A       		.byte	0x2a
 603 042b A9000000 		.4byte	0xa9
 604 042f 05       		.uleb128 0x5
 605 0430 03       		.byte	0x3
 606 0431 00000000 		.4byte	valve_diameter
 607 0435 06       		.uleb128 0x6
 608 0436 C3000000 		.4byte	0xc3
 609 043a 45040000 		.4byte	0x445
 610 043e 07       		.uleb128 0x7
 611 043f D1000000 		.4byte	0xd1
 612 0443 09       		.byte	0x9
 613 0444 00       		.byte	0
 614 0445 0E       		.uleb128 0xe
 615 0446 73010000 		.4byte	.LASF73
 616 044a 0A       		.byte	0xa
 617 044b 2B       		.byte	0x2b
 618 044c 35040000 		.4byte	0x435
 619 0450 05       		.uleb128 0x5
 620 0451 03       		.byte	0x3
 621 0452 00000000 		.4byte	valve_type
 622 0456 0E       		.uleb128 0xe
 623 0457 00000000 		.4byte	.LASF74
 624 045b 0A       		.byte	0xa
 625 045c 30       		.byte	0x30
 626 045d 79000000 		.4byte	0x79
 627 0461 05       		.uleb128 0x5
ARM GAS  C:\Users\shara\AppData\Local\Temp\ccRKt589.s 			page 12


 628 0462 03       		.byte	0x3
 629 0463 00000000 		.4byte	valve_enabled
 630 0467 0E       		.uleb128 0xe
 631 0468 45010000 		.4byte	.LASF75
 632 046c 0A       		.byte	0xa
 633 046d 31       		.byte	0x31
 634 046e 0B030000 		.4byte	0x30b
 635 0472 05       		.uleb128 0x5
 636 0473 03       		.byte	0x3
 637 0474 00000000 		.4byte	valve_inbox
 638 0478 0E       		.uleb128 0xe
 639 0479 56030000 		.4byte	.LASF76
 640 047d 0B       		.byte	0xb
 641 047e 69       		.byte	0x69
 642 047f 79000000 		.4byte	0x79
 643 0483 05       		.uleb128 0x5
 644 0484 03       		.byte	0x3
 645 0485 00000000 		.4byte	autosampler_enabled
 646 0489 0E       		.uleb128 0xe
 647 048a 93050000 		.4byte	.LASF77
 648 048e 0B       		.byte	0xb
 649 048f 6B       		.byte	0x6b
 650 0490 0B030000 		.4byte	0x30b
 651 0494 05       		.uleb128 0x5
 652 0495 03       		.byte	0x3
 653 0496 00000000 		.4byte	autosampler_inbox
 654 049a 06       		.uleb128 0x6
 655 049b C3000000 		.4byte	0xc3
 656 049f AB040000 		.4byte	0x4ab
 657 04a3 0F       		.uleb128 0xf
 658 04a4 D1000000 		.4byte	0xd1
 659 04a8 0F27     		.2byte	0x270f
 660 04aa 00       		.byte	0
 661 04ab 0E       		.uleb128 0xe
 662 04ac BF050000 		.4byte	.LASF78
 663 04b0 06       		.byte	0x6
 664 04b1 1F       		.byte	0x1f
 665 04b2 9A040000 		.4byte	0x49a
 666 04b6 05       		.uleb128 0x5
 667 04b7 03       		.byte	0x3
 668 04b8 00000000 		.4byte	http_request
 669 04bc 0E       		.uleb128 0xe
 670 04bd 89050000 		.4byte	.LASF79
 671 04c1 06       		.byte	0x6
 672 04c2 20       		.byte	0x20
 673 04c3 9A040000 		.4byte	0x49a
 674 04c7 05       		.uleb128 0x5
 675 04c8 03       		.byte	0x3
 676 04c9 00000000 		.4byte	http_body
 677 04cd 06       		.uleb128 0x6
 678 04ce C3000000 		.4byte	0xc3
 679 04d2 DD040000 		.4byte	0x4dd
 680 04d6 07       		.uleb128 0x7
 681 04d7 D1000000 		.4byte	0xd1
 682 04db C7       		.byte	0xc7
 683 04dc 00       		.byte	0
 684 04dd 0E       		.uleb128 0xe
ARM GAS  C:\Users\shara\AppData\Local\Temp\ccRKt589.s 			page 13


 685 04de 73040000 		.4byte	.LASF80
 686 04e2 06       		.byte	0x6
 687 04e3 21       		.byte	0x21
 688 04e4 CD040000 		.4byte	0x4cd
 689 04e8 05       		.uleb128 0x5
 690 04e9 03       		.byte	0x3
 691 04ea 00000000 		.4byte	http_route
 692 04ee 0E       		.uleb128 0xe
 693 04ef 0C040000 		.4byte	.LASF81
 694 04f3 06       		.byte	0x6
 695 04f4 48       		.byte	0x48
 696 04f5 DF020000 		.4byte	0x2df
 697 04f9 05       		.uleb128 0x5
 698 04fa 03       		.byte	0x3
 699 04fb 00000000 		.4byte	system_info
 700 04ff 0E       		.uleb128 0xe
 701 0500 2D030000 		.4byte	.LASF82
 702 0504 06       		.byte	0x6
 703 0505 5A       		.byte	0x5a
 704 0506 1B030000 		.4byte	0x31b
 705 050a 05       		.uleb128 0x5
 706 050b 03       		.byte	0x3
 707 050c 00000000 		.4byte	system_settings
 708 0510 0E       		.uleb128 0xe
 709 0511 33020000 		.4byte	.LASF83
 710 0515 06       		.byte	0x6
 711 0516 76       		.byte	0x76
 712 0517 A8020000 		.4byte	0x2a8
 713 051b 05       		.uleb128 0x5
 714 051c 03       		.byte	0x3
 715 051d 00000000 		.4byte	alarmMeasure
 716 0521 0E       		.uleb128 0xe
 717 0522 80030000 		.4byte	.LASF84
 718 0526 06       		.byte	0x6
 719 0527 77       		.byte	0x77
 720 0528 79000000 		.4byte	0x79
 721 052c 05       		.uleb128 0x5
 722 052d 03       		.byte	0x3
 723 052e 00000000 		.4byte	timeToMeasure
 724 0532 0E       		.uleb128 0xe
 725 0533 77020000 		.4byte	.LASF85
 726 0537 06       		.byte	0x6
 727 0538 78       		.byte	0x78
 728 0539 A8020000 		.4byte	0x2a8
 729 053d 05       		.uleb128 0x5
 730 053e 03       		.byte	0x3
 731 053f 00000000 		.4byte	alarmSync
 732 0543 0E       		.uleb128 0xe
 733 0544 CC050000 		.4byte	.LASF86
 734 0548 06       		.byte	0x6
 735 0549 79       		.byte	0x79
 736 054a 79000000 		.4byte	0x79
 737 054e 05       		.uleb128 0x5
 738 054f 03       		.byte	0x3
 739 0550 00000000 		.4byte	timeToSync
 740 0554 0E       		.uleb128 0xe
 741 0555 4C040000 		.4byte	.LASF87
ARM GAS  C:\Users\shara\AppData\Local\Temp\ccRKt589.s 			page 14


 742 0559 06       		.byte	0x6
 743 055a 7A       		.byte	0x7a
 744 055b 79000000 		.4byte	0x79
 745 055f 05       		.uleb128 0x5
 746 0560 03       		.byte	0x3
 747 0561 00000000 		.4byte	timeToSycnRemoteParams
 748 0565 10       		.uleb128 0x10
 749 0566 68657900 		.ascii	"hey\000"
 750 056a 06       		.byte	0x6
 751 056b 7B       		.byte	0x7b
 752 056c 79000000 		.4byte	0x79
 753 0570 05       		.uleb128 0x5
 754 0571 03       		.byte	0x3
 755 0572 00000000 		.4byte	hey
 756 0576 0E       		.uleb128 0xe
 757 0577 33010000 		.4byte	.LASF88
 758 057b 06       		.byte	0x6
 759 057c 7F       		.byte	0x7f
 760 057d A8020000 		.4byte	0x2a8
 761 0581 05       		.uleb128 0x5
 762 0582 03       		.byte	0x3
 763 0583 00000000 		.4byte	alarmAppLED
 764 0587 0E       		.uleb128 0xe
 765 0588 F3040000 		.4byte	.LASF89
 766 058c 06       		.byte	0x6
 767 058d 80       		.byte	0x80
 768 058e 79000000 		.4byte	0x79
 769 0592 05       		.uleb128 0x5
 770 0593 03       		.byte	0x3
 771 0594 00000000 		.4byte	timeToAppLED
 772 0598 0E       		.uleb128 0xe
 773 0599 B1040000 		.4byte	.LASF90
 774 059d 06       		.byte	0x6
 775 059e 82       		.byte	0x82
 776 059f A8020000 		.4byte	0x2a8
 777 05a3 05       		.uleb128 0x5
 778 05a4 03       		.byte	0x3
 779 05a5 00000000 		.4byte	alarmLevelSensor
 780 05a9 0E       		.uleb128 0xe
 781 05aa 11050000 		.4byte	.LASF91
 782 05ae 06       		.byte	0x6
 783 05af 83       		.byte	0x83
 784 05b0 79000000 		.4byte	0x79
 785 05b4 05       		.uleb128 0x5
 786 05b5 03       		.byte	0x3
 787 05b6 00000000 		.4byte	timeToLevelSensor
 788 05ba 0E       		.uleb128 0xe
 789 05bb 58010000 		.4byte	.LASF92
 790 05bf 06       		.byte	0x6
 791 05c0 85       		.byte	0x85
 792 05c1 A8020000 		.4byte	0x2a8
 793 05c5 05       		.uleb128 0x5
 794 05c6 03       		.byte	0x3
 795 05c7 00000000 		.4byte	alarmDownstreamLevelSensor
 796 05cb 0E       		.uleb128 0xe
 797 05cc 9B020000 		.4byte	.LASF93
 798 05d0 06       		.byte	0x6
ARM GAS  C:\Users\shara\AppData\Local\Temp\ccRKt589.s 			page 15


 799 05d1 86       		.byte	0x86
 800 05d2 79000000 		.4byte	0x79
 801 05d6 05       		.uleb128 0x5
 802 05d7 03       		.byte	0x3
 803 05d8 00000000 		.4byte	timeToDownstreamLevelSensor
 804 05dc 0E       		.uleb128 0xe
 805 05dd 68040000 		.4byte	.LASF94
 806 05e1 06       		.byte	0x6
 807 05e2 88       		.byte	0x88
 808 05e3 A8020000 		.4byte	0x2a8
 809 05e7 05       		.uleb128 0x5
 810 05e8 03       		.byte	0x3
 811 05e9 00000000 		.4byte	alarmValve
 812 05ed 0E       		.uleb128 0xe
 813 05ee 96010000 		.4byte	.LASF95
 814 05f2 06       		.byte	0x6
 815 05f3 89       		.byte	0x89
 816 05f4 79000000 		.4byte	0x79
 817 05f8 05       		.uleb128 0x5
 818 05f9 03       		.byte	0x3
 819 05fa 00000000 		.4byte	timeToValve
 820 05fe 0E       		.uleb128 0xe
 821 05ff B7010000 		.4byte	.LASF96
 822 0603 06       		.byte	0x6
 823 0604 8B       		.byte	0x8b
 824 0605 A8020000 		.4byte	0x2a8
 825 0609 05       		.uleb128 0x5
 826 060a 03       		.byte	0x3
 827 060b 00000000 		.4byte	alarmAutosampler
 828 060f 0E       		.uleb128 0xe
 829 0610 40020000 		.4byte	.LASF97
 830 0614 06       		.byte	0x6
 831 0615 8C       		.byte	0x8c
 832 0616 79000000 		.4byte	0x79
 833 061a 05       		.uleb128 0x5
 834 061b 03       		.byte	0x3
 835 061c 00000000 		.4byte	timeToAutosampler
 836 0620 00       		.byte	0
 837              		.section	.debug_abbrev,"",%progbits
 838              	.Ldebug_abbrev0:
 839 0000 01       		.uleb128 0x1
 840 0001 11       		.uleb128 0x11
 841 0002 01       		.byte	0x1
 842 0003 25       		.uleb128 0x25
 843 0004 0E       		.uleb128 0xe
 844 0005 13       		.uleb128 0x13
 845 0006 0B       		.uleb128 0xb
 846 0007 03       		.uleb128 0x3
 847 0008 0E       		.uleb128 0xe
 848 0009 1B       		.uleb128 0x1b
 849 000a 0E       		.uleb128 0xe
 850 000b 10       		.uleb128 0x10
 851 000c 17       		.uleb128 0x17
 852 000d 00       		.byte	0
 853 000e 00       		.byte	0
 854 000f 02       		.uleb128 0x2
 855 0010 24       		.uleb128 0x24
ARM GAS  C:\Users\shara\AppData\Local\Temp\ccRKt589.s 			page 16


 856 0011 00       		.byte	0
 857 0012 0B       		.uleb128 0xb
 858 0013 0B       		.uleb128 0xb
 859 0014 3E       		.uleb128 0x3e
 860 0015 0B       		.uleb128 0xb
 861 0016 03       		.uleb128 0x3
 862 0017 0E       		.uleb128 0xe
 863 0018 00       		.byte	0
 864 0019 00       		.byte	0
 865 001a 03       		.uleb128 0x3
 866 001b 16       		.uleb128 0x16
 867 001c 00       		.byte	0
 868 001d 03       		.uleb128 0x3
 869 001e 0E       		.uleb128 0xe
 870 001f 3A       		.uleb128 0x3a
 871 0020 0B       		.uleb128 0xb
 872 0021 3B       		.uleb128 0x3b
 873 0022 0B       		.uleb128 0xb
 874 0023 49       		.uleb128 0x49
 875 0024 13       		.uleb128 0x13
 876 0025 00       		.byte	0
 877 0026 00       		.byte	0
 878 0027 04       		.uleb128 0x4
 879 0028 24       		.uleb128 0x24
 880 0029 00       		.byte	0
 881 002a 0B       		.uleb128 0xb
 882 002b 0B       		.uleb128 0xb
 883 002c 3E       		.uleb128 0x3e
 884 002d 0B       		.uleb128 0xb
 885 002e 03       		.uleb128 0x3
 886 002f 08       		.uleb128 0x8
 887 0030 00       		.byte	0
 888 0031 00       		.byte	0
 889 0032 05       		.uleb128 0x5
 890 0033 16       		.uleb128 0x16
 891 0034 00       		.byte	0
 892 0035 03       		.uleb128 0x3
 893 0036 0E       		.uleb128 0xe
 894 0037 3A       		.uleb128 0x3a
 895 0038 0B       		.uleb128 0xb
 896 0039 3B       		.uleb128 0x3b
 897 003a 05       		.uleb128 0x5
 898 003b 49       		.uleb128 0x49
 899 003c 13       		.uleb128 0x13
 900 003d 00       		.byte	0
 901 003e 00       		.byte	0
 902 003f 06       		.uleb128 0x6
 903 0040 01       		.uleb128 0x1
 904 0041 01       		.byte	0x1
 905 0042 49       		.uleb128 0x49
 906 0043 13       		.uleb128 0x13
 907 0044 01       		.uleb128 0x1
 908 0045 13       		.uleb128 0x13
 909 0046 00       		.byte	0
 910 0047 00       		.byte	0
 911 0048 07       		.uleb128 0x7
 912 0049 21       		.uleb128 0x21
ARM GAS  C:\Users\shara\AppData\Local\Temp\ccRKt589.s 			page 17


 913 004a 00       		.byte	0
 914 004b 49       		.uleb128 0x49
 915 004c 13       		.uleb128 0x13
 916 004d 2F       		.uleb128 0x2f
 917 004e 0B       		.uleb128 0xb
 918 004f 00       		.byte	0
 919 0050 00       		.byte	0
 920 0051 08       		.uleb128 0x8
 921 0052 13       		.uleb128 0x13
 922 0053 01       		.byte	0x1
 923 0054 0B       		.uleb128 0xb
 924 0055 0B       		.uleb128 0xb
 925 0056 3A       		.uleb128 0x3a
 926 0057 0B       		.uleb128 0xb
 927 0058 3B       		.uleb128 0x3b
 928 0059 0B       		.uleb128 0xb
 929 005a 01       		.uleb128 0x1
 930 005b 13       		.uleb128 0x13
 931 005c 00       		.byte	0
 932 005d 00       		.byte	0
 933 005e 09       		.uleb128 0x9
 934 005f 0D       		.uleb128 0xd
 935 0060 00       		.byte	0
 936 0061 03       		.uleb128 0x3
 937 0062 08       		.uleb128 0x8
 938 0063 3A       		.uleb128 0x3a
 939 0064 0B       		.uleb128 0xb
 940 0065 3B       		.uleb128 0x3b
 941 0066 0B       		.uleb128 0xb
 942 0067 49       		.uleb128 0x49
 943 0068 13       		.uleb128 0x13
 944 0069 38       		.uleb128 0x38
 945 006a 0B       		.uleb128 0xb
 946 006b 00       		.byte	0
 947 006c 00       		.byte	0
 948 006d 0A       		.uleb128 0xa
 949 006e 0D       		.uleb128 0xd
 950 006f 00       		.byte	0
 951 0070 03       		.uleb128 0x3
 952 0071 0E       		.uleb128 0xe
 953 0072 3A       		.uleb128 0x3a
 954 0073 0B       		.uleb128 0xb
 955 0074 3B       		.uleb128 0x3b
 956 0075 0B       		.uleb128 0xb
 957 0076 49       		.uleb128 0x49
 958 0077 13       		.uleb128 0x13
 959 0078 38       		.uleb128 0x38
 960 0079 0B       		.uleb128 0xb
 961 007a 00       		.byte	0
 962 007b 00       		.byte	0
 963 007c 0B       		.uleb128 0xb
 964 007d 35       		.uleb128 0x35
 965 007e 00       		.byte	0
 966 007f 49       		.uleb128 0x49
 967 0080 13       		.uleb128 0x13
 968 0081 00       		.byte	0
 969 0082 00       		.byte	0
ARM GAS  C:\Users\shara\AppData\Local\Temp\ccRKt589.s 			page 18


 970 0083 0C       		.uleb128 0xc
 971 0084 0F       		.uleb128 0xf
 972 0085 00       		.byte	0
 973 0086 0B       		.uleb128 0xb
 974 0087 0B       		.uleb128 0xb
 975 0088 49       		.uleb128 0x49
 976 0089 13       		.uleb128 0x13
 977 008a 00       		.byte	0
 978 008b 00       		.byte	0
 979 008c 0D       		.uleb128 0xd
 980 008d 34       		.uleb128 0x34
 981 008e 00       		.byte	0
 982 008f 03       		.uleb128 0x3
 983 0090 0E       		.uleb128 0xe
 984 0091 3A       		.uleb128 0x3a
 985 0092 0B       		.uleb128 0xb
 986 0093 3B       		.uleb128 0x3b
 987 0094 05       		.uleb128 0x5
 988 0095 49       		.uleb128 0x49
 989 0096 13       		.uleb128 0x13
 990 0097 3F       		.uleb128 0x3f
 991 0098 19       		.uleb128 0x19
 992 0099 3C       		.uleb128 0x3c
 993 009a 19       		.uleb128 0x19
 994 009b 00       		.byte	0
 995 009c 00       		.byte	0
 996 009d 0E       		.uleb128 0xe
 997 009e 34       		.uleb128 0x34
 998 009f 00       		.byte	0
 999 00a0 03       		.uleb128 0x3
 1000 00a1 0E       		.uleb128 0xe
 1001 00a2 3A       		.uleb128 0x3a
 1002 00a3 0B       		.uleb128 0xb
 1003 00a4 3B       		.uleb128 0x3b
 1004 00a5 0B       		.uleb128 0xb
 1005 00a6 49       		.uleb128 0x49
 1006 00a7 13       		.uleb128 0x13
 1007 00a8 3F       		.uleb128 0x3f
 1008 00a9 19       		.uleb128 0x19
 1009 00aa 02       		.uleb128 0x2
 1010 00ab 18       		.uleb128 0x18
 1011 00ac 00       		.byte	0
 1012 00ad 00       		.byte	0
 1013 00ae 0F       		.uleb128 0xf
 1014 00af 21       		.uleb128 0x21
 1015 00b0 00       		.byte	0
 1016 00b1 49       		.uleb128 0x49
 1017 00b2 13       		.uleb128 0x13
 1018 00b3 2F       		.uleb128 0x2f
 1019 00b4 05       		.uleb128 0x5
 1020 00b5 00       		.byte	0
 1021 00b6 00       		.byte	0
 1022 00b7 10       		.uleb128 0x10
 1023 00b8 34       		.uleb128 0x34
 1024 00b9 00       		.byte	0
 1025 00ba 03       		.uleb128 0x3
 1026 00bb 08       		.uleb128 0x8
ARM GAS  C:\Users\shara\AppData\Local\Temp\ccRKt589.s 			page 19


 1027 00bc 3A       		.uleb128 0x3a
 1028 00bd 0B       		.uleb128 0xb
 1029 00be 3B       		.uleb128 0x3b
 1030 00bf 0B       		.uleb128 0xb
 1031 00c0 49       		.uleb128 0x49
 1032 00c1 13       		.uleb128 0x13
 1033 00c2 3F       		.uleb128 0x3f
 1034 00c3 19       		.uleb128 0x19
 1035 00c4 02       		.uleb128 0x2
 1036 00c5 18       		.uleb128 0x18
 1037 00c6 00       		.byte	0
 1038 00c7 00       		.byte	0
 1039 00c8 00       		.byte	0
 1040              		.section	.debug_aranges,"",%progbits
 1041 0000 14000000 		.4byte	0x14
 1042 0004 0200     		.2byte	0x2
 1043 0006 00000000 		.4byte	.Ldebug_info0
 1044 000a 04       		.byte	0x4
 1045 000b 00       		.byte	0
 1046 000c 0000     		.2byte	0
 1047 000e 0000     		.2byte	0
 1048 0010 00000000 		.4byte	0
 1049 0014 00000000 		.4byte	0
 1050              		.section	.debug_line,"",%progbits
 1051              	.Ldebug_line0:
 1052 0000 A6010000 		.section	.debug_str,"MS",%progbits,1
 1052      0200A001 
 1052      00000201 
 1052      FB0E0D00 
 1052      01010101 
 1053              	.LASF74:
 1054 0000 76616C76 		.ascii	"valve_enabled\000"
 1054      655F656E 
 1054      61626C65 
 1054      6400
 1055              	.LASF25:
 1056 000e 6D6F6465 		.ascii	"model_id\000"
 1056      6C5F6964 
 1056      00
 1057              	.LASF24:
 1058 0017 73696D5F 		.ascii	"sim_id\000"
 1058      696400
 1059              	.LASF58:
 1060 001e 7379735F 		.ascii	"sys_settings_t\000"
 1060      73657474 
 1060      696E6773 
 1060      5F7400
 1061              	.LASF15:
 1062 002d 666C6F61 		.ascii	"float32\000"
 1062      74333200 
 1063              	.LASF49:
 1064 0035 63757272 		.ascii	"currentCountDownValue\000"
 1064      656E7443 
 1064      6F756E74 
 1064      446F776E 
 1064      56616C75 
 1065              	.LASF48:
ARM GAS  C:\Users\shara\AppData\Local\Temp\ccRKt589.s 			page 20


 1066 004b 636F756E 		.ascii	"countDownValue\000"
 1066      74446F77 
 1066      6E56616C 
 1066      756500
 1067              	.LASF2:
 1068 005a 73686F72 		.ascii	"short int\000"
 1068      7420696E 
 1068      7400
 1069              	.LASF20:
 1070 0064 73697A65 		.ascii	"sizetype\000"
 1070      74797065 
 1070      00
 1071              	.LASF56:
 1072 006d 65705F68 		.ascii	"ep_host\000"
 1072      6F737400 
 1073              	.LASF31:
 1074 0075 72737271 		.ascii	"rsrq\000"
 1074      00
 1075              	.LASF98:
 1076 007a 474E5520 		.ascii	"GNU C11 5.4.1 20160609 (release) [ARM/embedded-5-br"
 1076      43313120 
 1076      352E342E 
 1076      31203230 
 1076      31363036 
 1077 00ad 616E6368 		.ascii	"anch revision 237715] -mcpu=cortex-m3 -mthumb -g -O"
 1077      20726576 
 1077      6973696F 
 1077      6E203233 
 1077      37373135 
 1078 00e0 30202D66 		.ascii	"0 -ffunction-sections -ffat-lto-objects\000"
 1078      66756E63 
 1078      74696F6E 
 1078      2D736563 
 1078      74696F6E 
 1079              	.LASF41:
 1080 0108 4170705F 		.ascii	"App_LED_freq\000"
 1080      4C45445F 
 1080      66726571 
 1080      00
 1081              	.LASF44:
 1082 0115 56616C76 		.ascii	"Valve_freq\000"
 1082      655F6672 
 1082      657100
 1083              	.LASF54:
 1084 0120 63686970 		.ascii	"chip_uniqueId\000"
 1084      5F756E69 
 1084      71756549 
 1084      6400
 1085              	.LASF30:
 1086 012e 65636E6F 		.ascii	"ecno\000"
 1086      00
 1087              	.LASF88:
 1088 0133 616C6172 		.ascii	"alarmAppLED\000"
 1088      6D417070 
 1088      4C454400 
 1089              	.LASF21:
 1090 013f 76616C75 		.ascii	"value\000"
ARM GAS  C:\Users\shara\AppData\Local\Temp\ccRKt589.s 			page 21


 1090      6500
 1091              	.LASF75:
 1092 0145 76616C76 		.ascii	"valve_inbox\000"
 1092      655F696E 
 1092      626F7800 
 1093              	.LASF12:
 1094 0151 75696E74 		.ascii	"uint16\000"
 1094      313600
 1095              	.LASF92:
 1096 0158 616C6172 		.ascii	"alarmDownstreamLevelSensor\000"
 1096      6D446F77 
 1096      6E737472 
 1096      65616D4C 
 1096      6576656C 
 1097              	.LASF73:
 1098 0173 76616C76 		.ascii	"valve_type\000"
 1098      655F7479 
 1098      706500
 1099              	.LASF61:
 1100 017e 64617461 		.ascii	"dataPointsInStack\000"
 1100      506F696E 
 1100      7473496E 
 1100      53746163 
 1100      6B00
 1101              	.LASF11:
 1102 0190 75696E74 		.ascii	"uint8\000"
 1102      3800
 1103              	.LASF95:
 1104 0196 74696D65 		.ascii	"timeToValve\000"
 1104      546F5661 
 1104      6C766500 
 1105              	.LASF29:
 1106 01a2 72736370 		.ascii	"rscp\000"
 1106      00
 1107              	.LASF13:
 1108 01a7 696E7431 		.ascii	"int16\000"
 1108      3600
 1109              	.LASF22:
 1110 01ad 74696D65 		.ascii	"timeStamp\000"
 1110      5374616D 
 1110      7000
 1111              	.LASF96:
 1112 01b7 616C6172 		.ascii	"alarmAutosampler\000"
 1112      6D417574 
 1112      6F73616D 
 1112      706C6572 
 1112      00
 1113              	.LASF62:
 1114 01c8 64617461 		.ascii	"dataPointsInStackDesired\000"
 1114      506F696E 
 1114      7473496E 
 1114      53746163 
 1114      6B446573 
 1115              	.LASF16:
 1116 01e1 666C6F61 		.ascii	"float\000"
 1116      7400
 1117              	.LASF71:
ARM GAS  C:\Users\shara\AppData\Local\Temp\ccRKt589.s 			page 22


 1118 01e7 6C657665 		.ascii	"level_sensor_enabled\000"
 1118      6C5F7365 
 1118      6E736F72 
 1118      5F656E61 
 1118      626C6564 
 1119              	.LASF6:
 1120 01fc 6C6F6E67 		.ascii	"long long int\000"
 1120      206C6F6E 
 1120      6720696E 
 1120      7400
 1121              	.LASF18:
 1122 020a 63686172 		.ascii	"char\000"
 1122      00
 1123              	.LASF4:
 1124 020f 6C6F6E67 		.ascii	"long int\000"
 1124      20696E74 
 1124      00
 1125              	.LASF60:
 1126 0218 62756666 		.ascii	"buffer_overflow\000"
 1126      65725F6F 
 1126      76657266 
 1126      6C6F7700 
 1127              	.LASF53:
 1128 0228 6D6F6465 		.ascii	"modem_info\000"
 1128      6D5F696E 
 1128      666F00
 1129              	.LASF83:
 1130 0233 616C6172 		.ascii	"alarmMeasure\000"
 1130      6D4D6561 
 1130      73757265 
 1130      00
 1131              	.LASF97:
 1132 0240 74696D65 		.ascii	"timeToAutosampler\000"
 1132      546F4175 
 1132      746F7361 
 1132      6D706C65 
 1132      7200
 1133              	.LASF52:
 1134 0252 616C6172 		.ascii	"alarm\000"
 1134      6D00
 1135              	.LASF38:
 1136 0258 6D656173 		.ascii	"measure_time\000"
 1136      7572655F 
 1136      74696D65 
 1136      00
 1137              	.LASF42:
 1138 0265 4C657665 		.ascii	"Level_Sensor_freq\000"
 1138      6C5F5365 
 1138      6E736F72 
 1138      5F667265 
 1138      7100
 1139              	.LASF85:
 1140 0277 616C6172 		.ascii	"alarmSync\000"
 1140      6D53796E 
 1140      6300
 1141              	.LASF19:
 1142 0281 6C6F6E67 		.ascii	"long double\000"
ARM GAS  C:\Users\shara\AppData\Local\Temp\ccRKt589.s 			page 23


 1142      20646F75 
 1142      626C6500 
 1143              	.LASF69:
 1144 028d 6170705F 		.ascii	"app_led_inbox\000"
 1144      6C65645F 
 1144      696E626F 
 1144      7800
 1145              	.LASF93:
 1146 029b 74696D65 		.ascii	"timeToDownstreamLevelSensor\000"
 1146      546F446F 
 1146      776E7374 
 1146      7265616D 
 1146      4C657665 
 1147              	.LASF1:
 1148 02b7 756E7369 		.ascii	"unsigned char\000"
 1148      676E6564 
 1148      20636861 
 1148      7200
 1149              	.LASF32:
 1150 02c5 72737270 		.ascii	"rsrp\000"
 1150      00
 1151              	.LASF65:
 1152 02ca 6D6F6465 		.ascii	"modem_start_time_stamp\000"
 1152      6D5F7374 
 1152      6172745F 
 1152      74696D65 
 1152      5F737461 
 1153              	.LASF64:
 1154 02e1 6D6F6465 		.ascii	"modem_state\000"
 1154      6D5F7374 
 1154      61746500 
 1155              	.LASF0:
 1156 02ed 7369676E 		.ascii	"signed char\000"
 1156      65642063 
 1156      68617200 
 1157              	.LASF43:
 1158 02f9 446F776E 		.ascii	"Downstream_Level_Sensor_freq\000"
 1158      73747265 
 1158      616D5F4C 
 1158      6576656C 
 1158      5F53656E 
 1159              	.LASF7:
 1160 0316 6C6F6E67 		.ascii	"long long unsigned int\000"
 1160      206C6F6E 
 1160      6720756E 
 1160      7369676E 
 1160      65642069 
 1161              	.LASF82:
 1162 032d 73797374 		.ascii	"system_settings\000"
 1162      656D5F73 
 1162      65747469 
 1162      6E677300 
 1163              	.LASF8:
 1164 033d 756E7369 		.ascii	"unsigned int\000"
 1164      676E6564 
 1164      20696E74 
 1164      00
ARM GAS  C:\Users\shara\AppData\Local\Temp\ccRKt589.s 			page 24


 1165              	.LASF23:
 1166 034a 6B65795F 		.ascii	"key_value_t\000"
 1166      76616C75 
 1166      655F7400 
 1167              	.LASF76:
 1168 0356 6175746F 		.ascii	"autosampler_enabled\000"
 1168      73616D70 
 1168      6C65725F 
 1168      656E6162 
 1168      6C656400 
 1169              	.LASF39:
 1170 036a 73796E63 		.ascii	"sync_time\000"
 1170      5F74696D 
 1170      6500
 1171              	.LASF66:
 1172 0374 6D6F6465 		.ascii	"modem_stats\000"
 1172      6D5F7374 
 1172      61747300 
 1173              	.LASF84:
 1174 0380 74696D65 		.ascii	"timeToMeasure\000"
 1174      546F4D65 
 1174      61737572 
 1174      6500
 1175              	.LASF47:
 1176 038e 75706461 		.ascii	"updatable_parameters_t\000"
 1176      7461626C 
 1176      655F7061 
 1176      72616D65 
 1176      74657273 
 1177              	.LASF28:
 1178 03a5 72786C65 		.ascii	"rxlev\000"
 1178      7600
 1179              	.LASF37:
 1180 03ab 73696D5F 		.ascii	"sim_type\000"
 1180      74797065 
 1180      00
 1181              	.LASF55:
 1182 03b4 7379735F 		.ascii	"sys_info_t\000"
 1182      696E666F 
 1182      5F7400
 1183              	.LASF3:
 1184 03bf 73686F72 		.ascii	"short unsigned int\000"
 1184      7420756E 
 1184      7369676E 
 1184      65642069 
 1184      6E7400
 1185              	.LASF33:
 1186 03d2 74696D65 		.ascii	"time_to_network_connect\000"
 1186      5F746F5F 
 1186      6E657477 
 1186      6F726B5F 
 1186      636F6E6E 
 1187              	.LASF70:
 1188 03ea 6C657665 		.ascii	"level_sensor_inbox\000"
 1188      6C5F7365 
 1188      6E736F72 
 1188      5F696E62 
ARM GAS  C:\Users\shara\AppData\Local\Temp\ccRKt589.s 			page 25


 1188      6F7800
 1189              	.LASF72:
 1190 03fd 76616C76 		.ascii	"valve_diameter\000"
 1190      655F6469 
 1190      616D6574 
 1190      657200
 1191              	.LASF81:
 1192 040c 73797374 		.ascii	"system_info\000"
 1192      656D5F69 
 1192      6E666F00 
 1193              	.LASF34:
 1194 0418 74696D65 		.ascii	"time_to_acquire_ip\000"
 1194      5F746F5F 
 1194      61637175 
 1194      6972655F 
 1194      697000
 1195              	.LASF26:
 1196 042b 696D6569 		.ascii	"imei\000"
 1196      00
 1197              	.LASF10:
 1198 0430 696E7433 		.ascii	"int32_t\000"
 1198      325F7400 
 1199              	.LASF35:
 1200 0438 6D6F6465 		.ascii	"modem_stats_t\000"
 1200      6D5F7374 
 1200      6174735F 
 1200      7400
 1201              	.LASF46:
 1202 0446 5F426F6F 		.ascii	"_Bool\000"
 1202      6C00
 1203              	.LASF87:
 1204 044c 74696D65 		.ascii	"timeToSycnRemoteParams\000"
 1204      546F5379 
 1204      636E5265 
 1204      6D6F7465 
 1204      50617261 
 1205              	.LASF63:
 1206 0463 64617461 		.ascii	"data\000"
 1206      00
 1207              	.LASF94:
 1208 0468 616C6172 		.ascii	"alarmValve\000"
 1208      6D56616C 
 1208      766500
 1209              	.LASF80:
 1210 0473 68747470 		.ascii	"http_route\000"
 1210      5F726F75 
 1210      746500
 1211              	.LASF99:
 1212 047e 6D61696E 		.ascii	"main.c\000"
 1212      2E6300
 1213              	.LASF5:
 1214 0485 6C6F6E67 		.ascii	"long unsigned int\000"
 1214      20756E73 
 1214      69676E65 
 1214      6420696E 
 1214      7400
 1215              	.LASF14:
ARM GAS  C:\Users\shara\AppData\Local\Temp\ccRKt589.s 			page 26


 1216 0497 696E7433 		.ascii	"int32\000"
 1216      3200
 1217              	.LASF17:
 1218 049d 646F7562 		.ascii	"double\000"
 1218      6C6500
 1219              	.LASF59:
 1220 04a4 49544D5F 		.ascii	"ITM_RxBuffer\000"
 1220      52784275 
 1220      66666572 
 1220      00
 1221              	.LASF90:
 1222 04b1 616C6172 		.ascii	"alarmLevelSensor\000"
 1222      6D4C6576 
 1222      656C5365 
 1222      6E736F72 
 1222      00
 1223              	.LASF40:
 1224 04c2 64656275 		.ascii	"debug_level\000"
 1224      675F6C65 
 1224      76656C00 
 1225              	.LASF27:
 1226 04ce 6D6F6465 		.ascii	"modem_info_t\000"
 1226      6D5F696E 
 1226      666F5F74 
 1226      00
 1227              	.LASF50:
 1228 04db 636F756E 		.ascii	"countDownType\000"
 1228      74446F77 
 1228      6E547970 
 1228      6500
 1229              	.LASF9:
 1230 04e9 5F5F696E 		.ascii	"__int32_t\000"
 1230      7433325F 
 1230      7400
 1231              	.LASF89:
 1232 04f3 74696D65 		.ascii	"timeToAppLED\000"
 1232      546F4170 
 1232      704C4544 
 1232      00
 1233              	.LASF45:
 1234 0500 4175746F 		.ascii	"Autosampler_freq\000"
 1234      73616D70 
 1234      6C65725F 
 1234      66726571 
 1234      00
 1235              	.LASF91:
 1236 0511 74696D65 		.ascii	"timeToLevelSensor\000"
 1236      546F4C65 
 1236      76656C53 
 1236      656E736F 
 1236      7200
 1237              	.LASF100:
 1238 0523 443A5C44 		.ascii	"D:\\Data\\Stormwater-RA\\notoriOS-og\\notoriOS.cyds"
 1238      6174615C 
 1238      53746F72 
 1238      6D776174 
 1238      65722D52 
ARM GAS  C:\Users\shara\AppData\Local\Temp\ccRKt589.s 			page 27


 1239 0552 6E00     		.ascii	"n\000"
 1240              	.LASF51:
 1241 0554 636F756E 		.ascii	"countDownResetCondition\000"
 1241      74446F77 
 1241      6E526573 
 1241      6574436F 
 1241      6E646974 
 1242              	.LASF67:
 1243 056c 75706461 		.ascii	"updatable_parameters\000"
 1243      7461626C 
 1243      655F7061 
 1243      72616D65 
 1243      74657273 
 1244              	.LASF57:
 1245 0581 65705F70 		.ascii	"ep_port\000"
 1245      6F727400 
 1246              	.LASF79:
 1247 0589 68747470 		.ascii	"http_body\000"
 1247      5F626F64 
 1247      7900
 1248              	.LASF77:
 1249 0593 6175746F 		.ascii	"autosampler_inbox\000"
 1249      73616D70 
 1249      6C65725F 
 1249      696E626F 
 1249      7800
 1250              	.LASF36:
 1251 05a5 6E6F6465 		.ascii	"node_type\000"
 1251      5F747970 
 1251      6500
 1252              	.LASF68:
 1253 05af 4170705F 		.ascii	"App_LED_enabled\000"
 1253      4C45445F 
 1253      656E6162 
 1253      6C656400 
 1254              	.LASF78:
 1255 05bf 68747470 		.ascii	"http_request\000"
 1255      5F726571 
 1255      75657374 
 1255      00
 1256              	.LASF86:
 1257 05cc 74696D65 		.ascii	"timeToSync\000"
 1257      546F5379 
 1257      6E6300
 1258              		.ident	"GCC: (GNU Tools for ARM Embedded Processors) 5.4.1 20160609 (release) [ARM/embedded-5-bran
